22887	send	0	1545381191.6114023
22887	receive	0	1545381191.6116998
22898	send	1	1545381202.5404315
22900	receive	1	1545381202.5453262
22899	receive	1	1545381202.5453284
22887	receive	1	1545381202.549501
22898	receive	1	1545381202.5630507
22898	send	2	1545381212.57435
22899	receive	2	1545381212.5756633
22887	receive	2	1545381212.5797393
22898	receive	2	1545381212.5910487
22900	receive	2	1545381212.591051
22887	send	3	1545381222.0102856
22898	receive	3	1545381222.0124216
22900	receive	3	1545381222.0124204
22887	receive	3	1545381222.0270483
22899	receive	3	1545381222.027047
22887	send	4	1545381233.2141051
22898	receive	4	1545381233.2162497
22899	receive	4	1545381233.2270498
22887	receive	4	1545381233.231049
22900	receive	4	1545381233.2310474
22899	send	5	1545381240.6700332
22887	receive	5	1545381240.6735077
22898	receive	5	1545381240.67505
22900	receive	5	1545381240.6830475
22899	receive	5	1545381240.6870463
22900	send	6	1545381244.4268374
22898	receive	6	1545381244.4389331
22899	receive	6	1545381244.4389756
22887	receive	6	1545381244.4430459
22900	receive	6	1545381244.4530497
22898	send	7	1545381250.1940343
22900	receive	7	1545381250.1954873
22899	receive	7	1545381250.1954935
22887	receive	7	1545381250.1998684
22898	receive	7	1545381250.2110558
22898	send	8	1545381271.1500344
22887	receive	8	1545381271.1512673
22899	receive	8	1545381271.151274
22900	receive	8	1545381271.155052
22898	receive	8	1545381271.1670477
22898	send	9	1545381277.0394003
22899	receive	9	1545381277.0406394
22887	receive	9	1545381277.0470467
22898	receive	9	1545381277.055048
22900	receive	9	1545381277.0550544
22898	send	10	1545381304.2780292
22900	receive	10	1545381304.2791982
22899	receive	10	1545381304.2830536
22898	receive	10	1545381304.2950478
22887	receive	10	1545381304.2950473
22898	send	11	1545381305.778035
22887	receive	11	1545381305.7800484
22899	receive	11	1545381305.7830513
22900	receive	11	1545381305.7870505
22898	receive	11	1545381305.79505
22898	send	12	1545381322.7740312
22899	receive	12	1545381322.7753158
22887	receive	12	1545381322.7830455
22898	receive	12	1545381322.7910526
22900	receive	12	1545381322.791057
22900	send	13	1545381356.6893234
22899	receive	13	1545381356.6912909
22887	receive	13	1545381356.6950495
22900	receive	13	1545381356.6991203
22898	receive	13	1545381356.7110457
22900	send	14	1545381371.0986283
22898	receive	14	1545381371.1004825
22887	receive	14	1545381371.1004777
22899	receive	14	1545381371.1110518
22900	receive	14	1545381371.1150508
start to measure
22898	send	15	1545381411.3013353
22898	receive	15	1545381411.3180056
22899	receive	15	1545381411.5430171
22900	receive	15	1545381411.6568892
22887	receive	15	1545381411.6594312
22898	send	16	1545381475.8420398
22887	receive	16	1545381475.8439682
22900	receive	16	1545381475.8439682
22899	receive	16	1545381475.8439727
22898	receive	16	1545381475.8590488
22887	send	17	1545381485.1673062
22899	receive	17	1545381485.1693978
22900	receive	17	1545381485.1710575
22898	receive	17	1545381485.179051
22887	receive	17	1545381485.1870627
22900	send	18	1545381503.7820907
22887	receive	18	1545381503.7834797
22899	receive	18	1545381503.791056
22900	receive	18	1545381503.7939901
22898	receive	18	1545381503.7990549
22898	send	19	1545381539.4198437
22899	receive	19	1545381539.4230528
22887	receive	19	1545381539.4270465
22900	receive	19	1545381539.4270515
22898	receive	19	1545381539.4390564
22900	send	20	1545381549.610052
22887	receive	20	1545381549.6117122
22898	receive	20	1545381549.6117153
22899	receive	20	1545381549.6150599
22900	receive	20	1545381549.6270545
22899	send	21	1545381580.478031
22898	receive	21	1545381580.479732
22900	receive	21	1545381580.479794
22887	receive	21	1545381580.4830472
22899	receive	21	1545381580.487079
end of measure
