16069	send	0	1545377099.0277793
16069	receive	0	1545377099.028041
16069	send	1	1545377099.2856572
16069	receive	1	1545377099.285883
16069	send	2	1545377099.4480877
16069	receive	2	1545377099.4483383
16078	send	3	1545377100.8912935
16079	receive	3	1545377100.8924985
16069	receive	3	1545377100.8950498
16077	receive	3	1545377100.8956492
16078	receive	3	1545377100.9070525
16078	send	4	1545377101.044561
16079	receive	4	1545377101.0461316
16077	receive	4	1545377101.0461357
16069	receive	4	1545377101.0461774
16078	receive	4	1545377101.0548892
16078	send	5	1545377104.5423303
16069	receive	5	1545377104.5439394
16077	receive	5	1545377104.543948
16079	receive	5	1545377104.5550487
16078	receive	5	1545377104.5590518
16077	send	6	1545377109.3150685
16078	receive	6	1545377109.3158698
16069	receive	6	1545377109.319464
16079	receive	6	1545377109.3297956
16077	receive	6	1545377109.3313253
16077	send	7	1545377109.7033887
16069	receive	7	1545377109.7063563
16079	receive	7	1545377109.7063584
16078	receive	7	1545377109.7063975
16077	receive	7	1545377109.725621
16077	send	8	1545377110.1864917
16078	receive	8	1545377110.1941729
16077	receive	8	1545377110.1942124
16069	receive	8	1545377110.196375
16079	receive	8	1545377110.1986895
16069	send	9	1545377110.777384
16078	receive	9	1545377110.7836747
16079	receive	9	1545377110.7836685
16077	receive	9	1545377110.7888408
16069	receive	9	1545377110.7909954
16078	send	10	1545377111.128158
16079	receive	10	1545377111.147051
16078	receive	10	1545377111.1550508
16069	receive	10	1545377111.1550486
16077	receive	10	1545377111.1591036
16079	send	11	1545377111.2264512
16078	receive	11	1545377111.2281356
16077	receive	11	1545377111.2281806
16069	receive	11	1545377111.231475
16079	receive	11	1545377111.237228
16078	send	12	1545377111.7308593
16069	receive	12	1545377111.7318141
16079	receive	12	1545377111.7318165
16077	receive	12	1545377111.7350552
16078	receive	12	1545377111.7470484
16078	send	13	1545377112.4224823
16069	receive	13	1545377112.4235933
16077	receive	13	1545377112.4236588
16079	receive	13	1545377112.4275122
16078	receive	13	1545377112.4310544
16077	send	14	1545377112.640255
16069	receive	14	1545377112.6411502
16078	receive	14	1545377112.6411598
16079	receive	14	1545377112.6430485
16077	receive	14	1545377112.6591
16077	send	15	1545377112.974039
16078	receive	15	1545377112.9750226
16069	receive	15	1545377112.9790573
16079	receive	15	1545377112.9891934
16077	receive	15	1545377112.9950497
16077	send	16	1545377113.3203907
16069	receive	16	1545377113.323008
16079	receive	16	1545377113.3231134
16078	receive	16	1545377113.3258686
16077	receive	16	1545377113.330888
16079	send	17	1545377113.3749132
16078	receive	17	1545377113.3786952
16069	receive	17	1545377113.3786888
16077	receive	17	1545377113.3786967
16079	receive	17	1545377113.3916903
16069	send	18	1545377113.5562594
16077	receive	18	1545377113.5591521
16069	receive	18	1545377113.5631514
16078	receive	18	1545377113.5633633
16079	receive	18	1545377113.5638645
16078	send	19	1545377113.8165786
16077	receive	19	1545377113.8184435
16079	receive	19	1545377113.8184376
16069	receive	19	1545377113.8260279
16078	receive	19	1545377113.8265226
16079	send	20	1545377116.6855035
16078	receive	20	1545377116.687231
16069	receive	20	1545377116.6881187
16079	receive	20	1545377116.692377
16077	receive	20	1545377116.6922977
16077	fork	20
16077	send	20	1545377116.7269683
16069	receive	20	1545377116.7395446
16077	receive	20	1545377116.727297
16069	fork	20
16078	receive	20	1545377116.7395523
16078	send	21	1545377116.7428026
16079	receive	20	1545377116.7382803
16078	fork	20
16078	receive	21	1545377116.743937
16079	fork	20
16079	receive	21	1545377116.7521098
16077	receive	21	1545377116.7559254
16077	fork	21
16069	receive	21	1545377116.759023
16078	send	22	1545377117.8452342
16077	receive	22	1545377117.8470788
16077	fork	22
16079	receive	22	1545377117.850095
16069	receive	22	1545377117.8674197
16078	receive	22	1545377117.8737648
16069	send	23	1545377118.5420303
16077	receive	23	1545377118.5439467
16077	fork	23
16078	receive	23	1545377118.5550478
16069	receive	23	1545377118.5590508
16079	receive	23	1545377118.559049
16078	send	24	1545377118.7516568
16069	receive	24	1545377118.7532935
16079	receive	24	1545377118.7532942
16077	receive	24	1545377118.767052
16077	fork	24
16078	receive	24	1545377118.7710521
16069	send	25	1545377119.7620542
16077	receive	25	1545377119.7634583
16077	fork	25
16079	receive	25	1545377119.7710567
16078	receive	25	1545377119.7741592
16069	receive	25	1545377119.779048
16069	send	26	1545377120.7582772
16077	receive	26	1545377120.7705414
16078	receive	26	1545377120.770542
16077	fork	26
16079	receive	26	1545377120.7830472
16069	receive	26	1545377120.7910528
16077	send	21	1545377121.054024
16069	receive	21	1545377121.055674
16079	receive	21	1545377121.0556757
16078	receive	21	1545377121.0556846
16078	fork	21
16079	fork	21
16077	receive	21	1545377121.0710518
16069	fork	21
16069	send	27	1545377121.2112412
16077	receive	27	1545377121.2131748
16077	fork	27
16078	receive	27	1545377121.2191095
16079	receive	27	1545377121.2216966
16069	receive	27	1545377121.2222154
16078	send	28	1545377125.8460295
16079	receive	28	1545377125.8475692
16069	receive	28	1545377125.8510494
16077	receive	28	1545377125.8550475
16077	fork	28
16078	receive	28	1545377125.8670528
16079	send	29	1545377125.9617648
16069	receive	29	1545377125.9637234
16078	receive	29	1545377125.9757931
16079	receive	29	1545377125.975862
16077	receive	29	1545377125.9790757
16077	fork	29
16077	send	22	1545377126.4086666
16078	receive	22	1545377126.415048
16078	fork	22
16069	receive	22	1545377126.4184387
16069	fork	22
16077	receive	22	1545377126.4230542
16079	receive	22	1545377126.4230483
16079	fork	22
16078	send	30	1545377128.4820323
16077	receive	30	1545377128.483169
16079	receive	30	1545377128.4950452
16078	receive	30	1545377128.4950554
16077	fork	30
16069	receive	30	1545377128.5030487
16069	send	31	1545377128.8300643
16079	receive	31	1545377128.8320467
16078	receive	31	1545377128.8350525
16069	receive	31	1545377128.8406293
16077	receive	31	1545377128.8430474
16077	fork	31
16078	send	32	1545377130.9420304
16079	send	32	1545377131.6139472
16078	receive	32	1545377131.6157048
16077	receive	32	1545377131.6183565
16077	fork	32
16069	receive	32	1545377131.6230695
16079	send	33	1545377131.6302755
16079	receive	32	1545377131.628155
16079	receive	33	1545377131.6310632
16077	receive	33	1545377131.6324291
16069	receive	33	1545377131.6401417
16077	fork	33
16079	send	34	1545377131.8415039
16079	receive	34	1545377131.8422961
16077	receive	34	1545377131.8562658
16069	receive	34	1545377131.8560889
16077	fork	34
16069	send	35	1545377132.4413
16077	receive	35	1545377132.4542267
16079	receive	35	1545377132.4563932
16069	receive	35	1545377132.4414968
16077	fork	35
16069	send	36	1545377133.2430649
16069	receive	36	1545377133.2439365
16077	receive	36	1545377133.2550979
16079	receive	36	1545377133.2572975
16077	fork	36
16077	send	23	1545377133.5912926
16077	receive	23	1545377133.591542
16069	receive	23	1545377133.604013
16079	receive	23	1545377133.6026409
16069	fork	23
16079	fork	23
16069	send	37	1545377133.9532256
16069	receive	37	1545377133.9534104
16077	receive	37	1545377133.9662697
16079	receive	37	1545377133.9650548
16077	fork	37
16069	send	38	1545377134.6754346
16069	receive	38	1545377134.67566
16079	receive	38	1545377134.6823924
16077	receive	38	1545377134.6885862
16077	fork	38
16077	send	24	1545377134.810451
16077	receive	24	1545377134.810733
16079	receive	24	1545377134.8249233
16069	receive	24	1545377134.8240898
16079	fork	24
16069	fork	24
16077	send	25	1545377135.0396929
16077	receive	25	1545377135.0400472
16079	receive	25	1545377135.0538237
16069	receive	25	1545377135.0528963
16079	fork	25
16069	fork	25
16069	send	39	1545377135.6565006
16069	receive	39	1545377135.656688
16079	receive	39	1545377135.6696358
16077	receive	39	1545377135.667884
16077	fork	39
16077	send	26	1545377135.774607
16079	send	40	1545377137.426354
16077	receive	40	1545377137.427445
16079	receive	40	1545377137.4265523
16069	receive	40	1545377137.4376705
16069	send	41	1545377137.6534262
16069	receive	41	1545377137.6536646
16079	receive	41	1545377137.6662543
16079	send	42	1545377137.798877
16079	receive	42	1545377137.79916
16069	receive	42	1545377137.812524
16069	send	43	1545377138.1030614
16069	receive	43	1545377138.1032865
16079	receive	43	1545377138.1145606
16079	send	44	1545377138.7490516
16079	receive	44	1545377138.7492855
16069	receive	44	1545377138.7643192
16079	send	45	1545377139.135317
16079	receive	45	1545377139.1355429
16069	receive	45	1545377139.1366005
16079	send	46	1545377141.4597135
16079	receive	46	1545377141.4599438
16069	receive	46	1545377141.471479
16069	send	47	1545377143.033289
16069	receive	47	1545377143.0335255
16079	receive	47	1545377143.0480623
16079	fork	47
16079	send	47	1545377143.0691292
16069	send	48	1545377143.3712692
16069	receive	48	1545377143.371518
16079	receive	48	1545377143.3723147
16069	send	49	1545377144.9918082
16069	receive	49	1545377144.9920561
16069	send	50	1545377146.2098086
16069	receive	50	1545377146.2100515
16069	send	51	1545377147.5465305
16069	receive	51	1545377147.5468025
16069	send	52	1545377147.6256306
16069	receive	52	1545377147.6258864
16069	send	53	1545377147.6488595
16069	receive	53	1545377147.649073
16069	send	54	1545377154.427153
16069	receive	54	1545377154.4273918
16069	send	55	1545377155.0442467
16069	receive	55	1545377155.044512
16069	send	56	1545377156.9008818
16069	receive	56	1545377156.9011467
16069	send	57	1545377158.3461528
16069	receive	57	1545377158.3464625
16069	send	58	1545377158.985747
16069	receive	58	1545377158.9860804
16069	send	59	1545377159.1837583
16069	receive	59	1545377159.1840165
16069	send	60	1545377160.2895813
16069	receive	60	1545377160.2898242
16069	send	61	1545377161.2644744
16069	receive	61	1545377161.2647295
16069	send	62	1545377164.9151952
16069	receive	62	1545377164.9154286
16069	send	63	1545377165.7910888
16069	receive	63	1545377165.7913814
16069	send	64	1545377167.1608486
16069	receive	64	1545377167.161097
16069	send	65	1545377168.2376592
16069	receive	65	1545377168.237901
16069	send	66	1545377172.6057973
16069	receive	66	1545377172.6111636
16069	send	67	1545377172.6960707
16069	receive	67	1545377172.6963203
16069	send	68	1545377173.3367724
16069	receive	68	1545377173.3370078
16069	send	69	1545377173.6297436
16069	receive	69	1545377173.630015
16069	send	70	1545377173.8213422
16069	receive	70	1545377173.8215704
16069	send	71	1545377174.4580777
16069	receive	71	1545377174.4583364
16069	send	72	1545377174.6349518
16069	receive	72	1545377174.6352499
16069	send	73	1545377175.7253642
16069	receive	73	1545377175.7256162
16069	send	74	1545377176.4785151
16069	receive	74	1545377176.4787486
16069	send	75	1545377176.8058777
16069	receive	75	1545377176.8061233
16069	send	76	1545377177.9806306
16069	receive	76	1545377177.9808912
16069	send	77	1545377183.442301
16069	receive	77	1545377183.4425647
16069	send	78	1545377188.250343
16069	receive	78	1545377188.2506711
16069	send	79	1545377188.6630266
16069	receive	79	1545377188.6632783
16069	send	80	1545377191.7620087
16069	receive	80	1545377191.762323
16069	send	81	1545377191.9200428
16069	receive	81	1545377191.920295
16069	send	82	1545377193.0986784
16069	receive	82	1545377193.0989175
16069	send	83	1545377194.7136648
16069	receive	83	1545377194.7139158
16069	send	84	1545377198.6128514
16069	receive	84	1545377198.613092
16069	send	85	1545377199.1184363
16069	receive	85	1545377199.1186717
16069	send	86	1545377200.8425272
16069	receive	86	1545377200.8428214
16069	send	87	1545377200.886779
16069	receive	87	1545377200.9023058
16069	send	88	1545377202.8403223
16069	receive	88	1545377202.840558
16069	send	89	1545377208.8440402
16069	receive	89	1545377208.8443198
16069	send	90	1545377209.8561416
16069	receive	90	1545377209.8564005
16069	send	91	1545377210.0298371
16069	receive	91	1545377210.0301366
16069	send	92	1545377210.8796046
16069	receive	92	1545377210.8798347
16069	send	93	1545377211.655503
16069	receive	93	1545377211.6557412
16069	send	94	1545377214.0694685
16069	receive	94	1545377214.0696983
16069	send	95	1545377214.7460885
16069	receive	95	1545377214.7463882
16069	send	96	1545377216.135342
16069	receive	96	1545377216.1355877
16069	send	97	1545377216.274266
16069	receive	97	1545377216.2745802
16069	send	98	1545377216.7725878
16069	receive	98	1545377216.772805
16069	send	99	1545377219.1162808
16069	receive	99	1545377219.1167011
16069	send	100	1545377219.2223852
16069	receive	100	1545377219.2226462
16069	send	101	1545377220.9418204
16069	receive	101	1545377220.9420652
16069	send	102	1545377225.5204654
16069	receive	102	1545377225.52071
16069	send	103	1545377225.9223995
16069	receive	103	1545377225.9226494
16069	send	104	1545377226.403336
16069	receive	104	1545377226.4035873
16069	send	105	1545377227.1628861
16069	receive	105	1545377227.1631193
16069	send	106	1545377228.9736373
16069	receive	106	1545377228.9738736
16069	send	107	1545377229.4598272
16069	receive	107	1545377229.460069
16069	send	108	1545377235.1727474
16069	receive	108	1545377235.1729853
16069	send	109	1545377238.4337838
16069	receive	109	1545377238.4340203
16069	send	110	1545377239.4498422
16069	receive	110	1545377239.4500582
16069	send	111	1545377240.9214451
16069	receive	111	1545377240.9216902
16069	send	112	1545377240.9264648
16069	receive	112	1545377240.926805
16069	send	113	1545377241.8510323
16069	receive	113	1545377241.851305
16069	send	114	1545377244.6737309
16069	receive	114	1545377244.6739879
16069	send	115	1545377245.810336
16069	receive	115	1545377245.8105748
16069	send	116	1545377248.3810394
16069	receive	116	1545377248.3813324
16069	send	117	1545377248.966087
16069	receive	117	1545377248.9663804
16069	send	118	1545377249.0054944
16069	receive	118	1545377249.0057485
16069	send	119	1545377249.653122
16069	receive	119	1545377249.6533597
16069	send	120	1545377249.8775442
16069	receive	120	1545377249.8778925
16069	send	121	1545377250.0156612
16069	receive	121	1545377250.015928
16069	send	122	1545377251.4796274
16069	receive	122	1545377251.479902
16069	send	123	1545377253.8112147
16069	receive	123	1545377253.8114667
16069	send	124	1545377254.741113
16069	receive	124	1545377254.741362
16069	send	125	1545377254.8353553
16069	receive	125	1545377254.8356247
16069	send	126	1545377255.9375145
16069	receive	126	1545377255.9377573
16069	send	127	1545377257.441435
16069	receive	127	1545377257.4417188
16069	send	128	1545377259.2058408
16069	receive	128	1545377259.2061162
16069	send	129	1545377261.315128
16069	receive	129	1545377261.3153923
16069	send	130	1545377261.6178565
16069	receive	130	1545377261.6181622
16069	send	131	1545377264.1327307
16069	receive	131	1545377264.1329944
16069	send	132	1545377264.762728
16069	receive	132	1545377264.762952
16069	send	133	1545377264.9129958
16069	receive	133	1545377264.913249
16069	send	134	1545377265.3368423
16069	receive	134	1545377265.3370836
16069	send	135	1545377268.536899
16069	receive	135	1545377268.5371578
16069	send	136	1545377269.1002417
16069	receive	136	1545377269.1005397
16069	send	137	1545377269.5161014
16069	receive	137	1545377269.5163777
16069	send	138	1545377274.0435503
16069	receive	138	1545377274.0437806
16069	send	139	1545377275.8797278
16069	receive	139	1545377275.8799887
16069	send	140	1545377276.3000875
16069	receive	140	1545377276.3003423
16069	send	141	1545377277.1475701
16069	receive	141	1545377277.1479137
16069	send	142	1545377277.464322
16069	receive	142	1545377277.4645877
16069	send	143	1545377278.3147583
16069	receive	143	1545377278.315025
16069	send	144	1545377278.6609132
16069	receive	144	1545377278.66115
16069	send	145	1545377280.9266317
16069	receive	145	1545377280.9269085
16069	send	146	1545377283.0740635
16069	receive	146	1545377283.074301
16069	send	147	1545377283.553672
16069	receive	147	1545377283.5538864
16069	send	148	1545377287.1140535
16069	receive	148	1545377287.1142848
16069	send	149	1545377287.4054687
16069	receive	149	1545377287.4057386
16069	send	150	1545377288.5106735
16069	receive	150	1545377288.5109622
16069	send	151	1545377288.5385168
16069	receive	151	1545377288.5489235
16069	send	152	1545377289.3792734
16069	receive	152	1545377289.3795154
16069	send	153	1545377290.056853
16069	receive	153	1545377290.0570998
16069	send	154	1545377291.7490222
16069	receive	154	1545377291.7492692
16069	send	155	1545377294.731178
16069	receive	155	1545377294.7314365
start to measure
16077	fork	40
16077	receive	41	1545377294.8386471
16077	fork	41
16077	receive	42	1545377294.8388002
16077	fork	42
16077	receive	43	1545377294.8389268
16077	fork	43
16077	receive	44	1545377294.8390248
16077	fork	44
16077	receive	45	1545377294.8391197
16077	fork	45
16077	receive	46	1545377294.8392112
16077	fork	46
16077	receive	47	1545377294.8393013
16077	fork	47
16077	receive	48	1545377294.8393924
16077	fork	48
16077	receive	49	1545377294.839481
16077	fork	49
16077	receive	50	1545377294.8395705
16077	fork	50
16077	receive	51	1545377294.8396585
16077	fork	51
16077	receive	52	1545377294.839746
16077	fork	52
16077	receive	53	1545377294.8398352
16077	fork	53
16077	receive	54	1545377294.8399224
16077	fork	54
16077	receive	55	1545377294.8400097
16077	fork	55
16077	receive	56	1545377294.8400986
16077	fork	56
16077	receive	57	1545377294.8401859
16077	fork	57
16077	receive	58	1545377294.8402736
16077	fork	58
16077	receive	59	1545377294.8403602
16077	fork	59
16077	receive	60	1545377294.8404474
16077	fork	60
16077	receive	61	1545377294.8405344
16077	fork	61
16077	receive	62	1545377294.840621
16077	fork	62
16077	receive	63	1545377294.8407068
16077	fork	63
16077	receive	64	1545377294.8407931
16077	fork	64
16077	receive	65	1545377294.8408802
16077	fork	65
16077	receive	66	1545377294.8409672
16077	fork	66
16077	receive	67	1545377294.8410544
16077	fork	67
16077	receive	68	1545377294.8411417
16077	fork	68
16077	receive	69	1545377294.8412282
16077	fork	69
16077	receive	70	1545377294.841316
16077	fork	70
16077	receive	71	1545377294.8414025
16077	fork	71
16077	receive	72	1545377294.8414893
16077	fork	72
16077	receive	73	1545377294.841576
16069	receive	47	1545377294.8540215
16079	fork	48
16069	fork	47
16079	receive	49	1545377294.8541613
16078	fork	32
16078	receive	33	1545377294.8650703
16078	fork	33
16078	receive	34	1545377294.8652265
16077	fork	73
16077	receive	74	1545377294.86543
16077	fork	74
16077	receive	75	1545377294.8656592
16077	fork	75
16077	receive	76	1545377294.8657794
16077	fork	76
16077	receive	77	1545377294.865892
16077	fork	77
16077	receive	78	1545377294.8661263
16077	fork	78
16077	receive	79	1545377294.8662388
16077	fork	79
16077	receive	80	1545377294.8663611
16077	fork	80
16077	receive	81	1545377294.866478
16078	fork	34
16078	receive	35	1545377294.8669078
16078	fork	35
16078	receive	36	1545377294.8670332
16078	fork	36
16078	receive	23	1545377294.8671381
16078	fork	23
16078	receive	37	1545377294.8672369
16078	fork	37
16078	receive	38	1545377294.8673325
16078	fork	38
16078	receive	24	1545377294.8674269
16078	fork	24
16078	receive	25	1545377294.8675191
16078	fork	25
16078	receive	39	1545377294.8676097
16078	fork	39
16078	receive	40	1545377294.8677015
16078	fork	40
16078	receive	41	1545377294.867792
16078	fork	41
16078	receive	42	1545377294.8678803
16078	fork	42
16078	receive	43	1545377294.8679698
16078	fork	43
16078	receive	44	1545377294.8680584
16078	fork	44
16078	receive	45	1545377294.8681479
16078	fork	45
16078	receive	46	1545377294.8682365
16078	fork	46
16078	receive	47	1545377294.8683255
16078	fork	47
16078	receive	48	1545377294.868415
16078	fork	48
16078	receive	49	1545377294.8685036
16078	fork	49
16078	receive	50	1545377294.8685925
16078	fork	50
16078	receive	51	1545377294.8686793
16078	fork	51
16078	receive	52	1545377294.8687663
16078	fork	52
16078	receive	53	1545377294.868853
16078	fork	53
16078	receive	54	1545377294.86894
16078	fork	54
16078	receive	55	1545377294.8690276
16078	fork	55
16078	receive	56	1545377294.8691163
16078	fork	56
16078	receive	57	1545377294.8692038
16078	fork	57
16078	receive	58	1545377294.8692904
16078	fork	58
16078	receive	59	1545377294.869378
16078	fork	59
16078	receive	60	1545377294.8694656
16069	receive	32	1545377294.8542123
16078	fork	60
16078	receive	61	1545377294.8695524
16078	fork	61
16078	receive	62	1545377294.869639
16078	fork	62
16078	receive	63	1545377294.8697257
16078	fork	63
16078	receive	64	1545377294.869812
16078	fork	64
16078	receive	65	1545377294.869899
16078	fork	65
16077	fork	81
16077	receive	82	1545377294.8717542
16077	fork	82
16077	receive	83	1545377294.8719087
16077	fork	83
16077	receive	84	1545377294.8721657
16077	fork	84
16077	receive	85	1545377294.8723664
16077	fork	85
16077	receive	86	1545377294.8725207
16077	fork	86
16077	receive	87	1545377294.8726754
16077	fork	87
16077	receive	88	1545377294.8728402
16077	fork	88
16077	receive	89	1545377294.872999
16077	fork	89
16077	receive	90	1545377294.873149
16077	fork	90
16077	receive	91	1545377294.8732886
16077	fork	91
16077	receive	92	1545377294.8734324
16077	fork	92
16077	receive	93	1545377294.87358
16077	fork	93
16077	receive	94	1545377294.8737378
16077	fork	94
16077	receive	95	1545377294.8738883
16077	fork	95
16077	receive	96	1545377294.874086
16077	fork	96
16077	receive	97	1545377294.874254
16077	fork	97
16077	receive	98	1545377294.8744102
16077	fork	98
16077	receive	99	1545377294.8745549
16077	fork	99
16077	receive	100	1545377294.8746963
16077	fork	100
16077	receive	101	1545377294.8748465
16077	fork	101
16077	receive	102	1545377294.8750014
16077	fork	102
16077	receive	103	1545377294.8751469
16077	fork	103
16077	receive	104	1545377294.8752928
16077	fork	104
16077	receive	105	1545377294.8754385
16077	fork	105
16077	receive	106	1545377294.8755777
16077	fork	106
16077	receive	107	1545377294.8757107
16077	fork	107
16077	receive	108	1545377294.8758483
16077	fork	108
16077	receive	109	1545377294.8759882
16077	fork	109
16077	receive	110	1545377294.8761525
16077	fork	110
16077	receive	111	1545377294.8762584
16077	fork	111
16077	receive	112	1545377294.8763595
16077	fork	112
16077	receive	113	1545377294.8764594
16077	fork	113
16077	receive	47	1545377294.8765602
16077	fork	47
16077	receive	32	1545377294.8766608
16077	fork	32
16077	receive	26	1545377294.8767617
16078	receive	66	1545377294.877375
16078	fork	66
16078	receive	67	1545377294.8775487
16078	fork	67
16078	receive	68	1545377294.8776555
16078	fork	68
16078	receive	69	1545377294.877754
16078	fork	69
16078	receive	70	1545377294.8778486
16078	fork	70
16078	receive	71	1545377294.8779407
16078	fork	71
16078	receive	72	1545377294.8780465
16078	fork	72
16078	receive	73	1545377294.8781374
16078	fork	73
16078	receive	74	1545377294.8782268
16078	fork	74
16078	receive	75	1545377294.8783178
16078	fork	75
16078	receive	76	1545377294.8784063
16078	fork	76
16078	receive	77	1545377294.878495
16078	fork	77
16078	receive	78	1545377294.878583
16078	fork	78
16078	receive	79	1545377294.8786705
16078	fork	79
16078	receive	80	1545377294.8787565
16078	fork	80
16078	receive	81	1545377294.8788433
16078	fork	81
16078	receive	82	1545377294.8789303
16078	fork	82
16078	receive	83	1545377294.8790193
16078	fork	83
16078	receive	84	1545377294.8791058
16078	fork	84
16078	receive	85	1545377294.8791924
16078	fork	85
16078	receive	86	1545377294.8792791
16078	fork	86
16078	receive	87	1545377294.8793652
16078	fork	87
16078	receive	88	1545377294.8794513
16078	fork	88
16078	receive	89	1545377294.879537
16078	fork	89
16078	receive	90	1545377294.879624
16078	fork	90
16078	receive	91	1545377294.8797104
16078	fork	91
16078	receive	92	1545377294.8797991
16078	fork	92
16078	receive	93	1545377294.8798857
16078	fork	93
16078	receive	94	1545377294.8799717
16078	fork	94
16078	receive	95	1545377294.880058
16078	fork	95
16078	receive	96	1545377294.8801444
16078	fork	96
16078	receive	97	1545377294.8802302
16078	fork	97
16078	receive	98	1545377294.880316
16078	fork	98
16078	receive	99	1545377294.8804023
16078	fork	99
16078	receive	100	1545377294.8804884
16078	fork	100
16078	receive	101	1545377294.880577
16078	fork	101
16078	receive	102	1545377294.8806643
16078	fork	102
16078	receive	103	1545377294.8807516
16078	fork	103
16078	receive	104	1545377294.8808389
16078	fork	104
16078	receive	105	1545377294.880926
16078	fork	105
16078	receive	106	1545377294.881013
16078	fork	106
16078	receive	107	1545377294.8810992
16078	fork	107
16078	receive	108	1545377294.8811865
16078	fork	108
16078	receive	109	1545377294.8812733
16078	fork	109
16078	receive	110	1545377294.8813605
16078	fork	110
16078	receive	111	1545377294.8814495
16078	fork	111
16078	receive	112	1545377294.8815367
16078	fork	112
16078	receive	113	1545377294.881624
16078	fork	113
16079	fork	49
16079	receive	50	1545377294.8972147
16069	fork	32
16079	fork	50
16079	receive	51	1545377294.898393
16079	fork	51
16079	receive	52	1545377294.8995018
16079	fork	52
16079	receive	53	1545377294.9016411
16079	fork	53
16079	receive	54	1545377294.9017937
16079	fork	54
16079	receive	55	1545377294.901901
16079	fork	55
16079	receive	56	1545377294.9025507
16079	fork	56
16079	receive	57	1545377294.9026701
16079	fork	57
16079	receive	58	1545377294.9027712
16079	fork	58
16079	receive	59	1545377294.9028668
16079	fork	59
16079	receive	60	1545377294.9029589
16079	fork	60
16079	receive	61	1545377294.9030497
16079	fork	61
16079	receive	62	1545377294.9031394
16079	fork	62
16079	receive	63	1545377294.9032273
16079	fork	63
16079	receive	64	1545377294.9033136
16079	fork	64
16079	receive	65	1545377294.9034007
16079	fork	65
16079	receive	66	1545377294.9034872
16079	fork	66
16079	receive	67	1545377294.903574
16079	fork	67
16079	receive	68	1545377294.9036617
16079	fork	68
16079	receive	69	1545377294.9037485
16079	fork	69
16079	receive	70	1545377294.9038346
16079	fork	70
16079	receive	71	1545377294.9039202
16079	fork	71
16079	receive	72	1545377294.9040055
16079	fork	72
16079	receive	73	1545377294.9040914
16079	fork	73
16079	receive	74	1545377294.9041767
16079	fork	74
16079	receive	75	1545377294.9042623
16079	fork	75
16079	receive	76	1545377294.9043498
16079	fork	76
16079	receive	77	1545377294.9044366
16079	fork	77
16079	receive	78	1545377294.9045234
16079	fork	78
16079	receive	79	1545377294.9046094
16079	fork	79
16079	receive	80	1545377294.904695
16079	fork	80
16079	receive	81	1545377294.904782
16079	fork	81
16079	receive	82	1545377294.9048674
16079	fork	82
16079	receive	83	1545377294.9049537
16079	fork	83
16079	receive	84	1545377294.9050393
16079	fork	84
16079	receive	85	1545377294.905126
16079	fork	85
16079	receive	86	1545377294.9052117
16079	fork	86
16079	receive	87	1545377294.9052978
16079	fork	87
16079	receive	88	1545377294.9053845
16079	fork	88
16079	receive	89	1545377294.9054718
16079	fork	89
16079	receive	90	1545377294.9055586
16079	fork	90
16079	receive	91	1545377294.9056447
16079	fork	91
16079	receive	92	1545377294.9057298
16079	fork	92
16079	receive	93	1545377294.9058154
16079	fork	93
16079	receive	94	1545377294.905901
16079	fork	94
16079	receive	95	1545377294.9140482
16079	fork	95
16079	receive	96	1545377294.9142187
16079	fork	96
16079	receive	97	1545377294.9143221
16079	fork	97
16079	receive	98	1545377294.9144173
16079	fork	98
16079	receive	99	1545377294.9145098
16079	fork	99
16079	receive	100	1545377294.9146006
16079	fork	100
16079	receive	101	1545377294.9146924
16079	fork	101
16079	receive	102	1545377294.9147828
16079	fork	102
16079	receive	103	1545377294.9148743
16079	fork	103
16079	receive	104	1545377294.914964
16079	fork	104
16079	receive	105	1545377294.9150527
16079	fork	105
16079	receive	106	1545377294.9151409
16079	fork	106
16079	receive	107	1545377294.9152288
16079	fork	107
16079	receive	108	1545377294.9153168
16079	fork	108
16079	receive	109	1545377294.9154043
16079	fork	109
16079	receive	110	1545377294.915492
16079	fork	110
16079	receive	111	1545377294.9155793
16079	fork	111
16079	receive	112	1545377294.9156682
16079	fork	112
16079	receive	113	1545377294.9157615
16079	fork	113
16079	receive	114	1545377294.9158502
16079	fork	114
16079	receive	115	1545377294.9159439
16079	fork	115
16079	receive	116	1545377294.9160304
16079	fork	116
16079	receive	117	1545377294.916118
16079	fork	117
16079	receive	118	1545377294.9162047
16079	fork	118
16079	receive	119	1545377294.9162922
16079	fork	119
16079	receive	120	1545377294.9163804
16079	fork	120
16079	receive	121	1545377294.916468
16079	fork	121
16079	receive	122	1545377294.9165542
16079	fork	122
16079	receive	123	1545377294.916641
16079	fork	123
16079	receive	124	1545377294.9167285
16079	fork	124
16079	receive	125	1545377294.9168146
16079	fork	125
16079	receive	126	1545377294.9169006
16079	fork	126
16079	receive	127	1545377294.9169874
16079	fork	127
16079	receive	128	1545377294.9170742
16079	fork	128
16079	receive	129	1545377294.9171612
16079	fork	129
16079	receive	130	1545377294.9172478
16079	fork	130
16079	receive	131	1545377294.9173477
16079	fork	131
16079	receive	132	1545377294.9174356
16079	fork	132
16079	receive	133	1545377294.9175227
16079	fork	133
16079	receive	134	1545377294.9176102
16079	fork	134
16079	receive	135	1545377294.9176989
16079	fork	135
16079	receive	136	1545377294.9177847
16079	fork	136
16079	receive	137	1545377294.9178708
16079	fork	137
16069	receive	26	1545377294.922937
16069	fork	26
16078	send	33	1545377295.997168
16077	receive	33	1545377295.9995885
16069	receive	33	1545377295.9996355
16069	fork	33
16077	fork	33
16078	receive	33	1545377296.0110512
16079	receive	33	1545377296.0590641
16079	fork	33
16078	send	34	1545377297.2645397
16077	receive	34	1545377297.2673125
16077	fork	34
16078	receive	34	1545377297.2802207
16069	receive	34	1545377297.2809162
16069	fork	34
16079	receive	34	1545377297.3816118
16079	fork	34
16078	send	35	1545377297.9005392
16078	receive	35	1545377297.9008043
16077	receive	35	1545377297.9056828
16069	receive	35	1545377297.9086432
16069	fork	35
16077	fork	35
16079	receive	35	1545377298.0463855
16079	fork	35
16077	send	27	1545377298.102997
16069	receive	27	1545377298.111791
16069	fork	27
16078	receive	27	1545377298.1170905
16078	fork	27
16077	receive	27	1545377298.1214328
16079	receive	27	1545377298.192611
16079	fork	27
16069	send	156	1545377298.8660734
16078	receive	156	1545377298.8710628
16078	fork	156
16077	receive	156	1545377298.8728395
16077	fork	156
16069	receive	156	1545377298.8786511
16079	receive	156	1545377299.005607
16079	fork	156
16069	send	157	1545377299.146117
16078	receive	157	1545377299.1499827
16078	fork	157
16077	receive	157	1545377299.1568618
16069	receive	157	1545377299.156876
16077	fork	157
16079	receive	157	1545377299.2258635
16079	fork	157
16069	send	158	1545377299.76876
16078	receive	158	1545377299.7760837
16078	fork	158
16077	receive	158	1545377299.7791166
16077	fork	158
16069	receive	158	1545377299.7865865
16079	receive	158	1545377299.8907032
16079	fork	158
16078	send	36	1545377299.933792
16069	receive	36	1545377299.939808
16069	fork	36
16077	receive	36	1545377299.9412334
16077	fork	36
16078	receive	36	1545377299.9446929
16079	receive	36	1545377300.0393043
16079	fork	36
16078	send	37	1545377300.1864073
16069	receive	37	1545377300.1913059
16069	fork	37
16077	receive	37	1545377300.2031226
16077	fork	37
16078	receive	37	1545377300.213303
16069	send	159	1545377300.2362754
16077	receive	159	1545377300.2419143
16077	fork	159
16069	receive	159	1545377300.259327
16078	receive	159	1545377300.2636826
16078	fork	159
16079	receive	37	1545377300.3470905
16079	fork	37
16079	receive	159	1545377300.403531
16079	fork	159
16077	send	28	1545377300.736356
16069	receive	28	1545377300.7479775
16069	fork	28
16077	receive	28	1545377300.7587554
16078	receive	28	1545377300.7630508
16078	fork	28
16079	receive	28	1545377300.847054
16079	fork	28
16078	send	38	1545377301.0380971
16069	receive	38	1545377301.0395164
16069	fork	38
16077	receive	38	1545377301.0423155
16077	fork	38
16078	receive	38	1545377301.0590456
16079	receive	38	1545377301.140342
16079	fork	38
16078	send	39	1545377301.8580952
16077	receive	39	1545377301.859404
16077	fork	39
16078	receive	39	1545377301.8708572
16069	receive	39	1545377301.8830578
16069	fork	39
16079	receive	39	1545377301.9534526
16079	fork	39
16079	send	48	1545377302.145705
16077	receive	48	1545377302.147267
16077	fork	48
16069	receive	48	1545377302.1518497
16069	fork	48
16078	receive	48	1545377302.1570702
16078	fork	48
16079	receive	48	1545377302.1631484
16078	send	40	1545377302.935503
16069	receive	40	1545377302.936825
16069	fork	40
16077	receive	40	1545377302.9455564
16077	fork	40
16078	receive	40	1545377302.9510536
16079	receive	40	1545377303.0630517
16079	fork	40
16069	send	160	1545377304.6565824
16078	receive	160	1545377304.6649816
16078	fork	160
16069	receive	160	1545377304.6770654
16077	receive	160	1545377304.6844935
16077	fork	160
16079	receive	160	1545377304.7664268
16079	fork	160
16077	send	29	1545377305.031289
16069	receive	29	1545377305.0345497
16069	fork	29
16078	receive	29	1545377305.0352345
16078	fork	29
16077	receive	29	1545377305.03676
16079	send	49	1545377305.0661302
16069	receive	49	1545377305.0672052
16077	receive	49	1545377305.0672119
16069	fork	49
16077	fork	49
16079	receive	49	1545377305.0831773
16078	receive	49	1545377305.0832238
16078	fork	49
16079	receive	29	1545377305.1471171
16079	fork	29
16069	send	161	1545377306.3500373
16077	receive	161	1545377306.3517807
16078	receive	161	1545377306.351781
16078	fork	161
16069	receive	161	1545377306.367047
16077	fork	161
16079	receive	161	1545377306.4683292
16079	fork	161
16078	send	41	1545377307.6122172
16069	receive	41	1545377307.6139657
16077	receive	41	1545377307.6139758
16077	fork	41
16069	fork	41
16078	receive	41	1545377307.627053
16079	receive	41	1545377307.7275157
16079	fork	41
16079	send	50	1545377308.0580382
16069	receive	50	1545377308.0595012
16069	fork	50
16078	receive	50	1545377308.0630605
16078	fork	50
16079	receive	50	1545377308.068737
16077	receive	50	1545377308.075054
16077	fork	50
16069	send	162	1545377308.4920433
16069	receive	162	1545377308.5008984
16079	receive	162	1545377308.555585
16079	fork	162
16078	receive	162	1545377308.571859
16078	fork	162
16077	receive	162	1545377308.6958997
16077	fork	162
16069	send	163	1545377310.237383
16079	receive	163	1545377310.2390532
16079	fork	163
16078	receive	163	1545377310.243049
16078	fork	163
16069	receive	163	1545377310.2550495
16077	receive	163	1545377310.464771
16077	fork	163
16077	send	30	1545377314.0860155
16078	receive	30	1545377314.0878496
16079	receive	30	1545377314.0878468
16079	fork	30
16078	fork	30
16077	receive	30	1545377314.0930605
16069	receive	30	1545377314.0996907
16069	fork	30
16069	send	164	1545377314.402065
16079	receive	164	1545377314.40358
16078	receive	164	1545377314.4035816
16078	fork	164
16079	fork	164
16069	receive	164	1545377314.4230464
16077	receive	164	1545377314.5310462
16077	fork	164
16079	send	51	1545377317.4506981
16078	receive	51	1545377317.4531126
16078	fork	51
16079	receive	51	1545377317.4660344
16069	receive	51	1545377317.471053
16069	fork	51
16077	receive	51	1545377317.6970298
16077	fork	51
16079	send	52	1545377318.7421422
16069	receive	52	1545377318.7443132
16069	fork	52
16078	receive	52	1545377318.7464633
16078	fork	52
16078	send	42	1545377318.7620065
16079	receive	52	1545377318.7672489
16079	receive	42	1545377318.76751
16079	fork	42
16078	receive	42	1545377318.777273
16069	receive	42	1545377318.8139873
16069	fork	42
16077	receive	52	1545377318.8492498
16077	fork	52
16077	receive	42	1545377319.0477073
16077	fork	42
16078	send	43	1545377320.4460518
16079	receive	43	1545377320.4510427
16079	fork	43
16069	receive	43	1545377320.4550548
16069	fork	43
16078	receive	43	1545377320.4566448
16077	receive	43	1545377320.5380056
16077	fork	43
16077	send	31	1545377322.034015
16069	receive	31	1545377322.0430467
16078	receive	31	1545377322.043044
16078	fork	31
16069	fork	31
16077	receive	31	1545377322.0482485
16079	receive	31	1545377322.0510461
16079	fork	31
16078	send	44	1545377323.66606
16069	receive	44	1545377323.6673737
16079	receive	44	1545377323.671055
16079	fork	44
16069	fork	44
16078	receive	44	1545377323.687051
16077	receive	44	1545377323.7480407
16077	fork	44
16069	send	165	1545377324.0831797
16078	receive	165	1545377324.0850234
16078	fork	165
16079	receive	165	1545377324.0910485
16079	fork	165
16069	receive	165	1545377324.0950978
16077	receive	165	1545377324.1750774
16077	fork	165
16069	send	166	1545377324.2343774
16078	receive	166	1545377324.2356508
16078	fork	166
16069	receive	166	1545377324.2414794
16079	receive	166	1545377324.2470825
16079	fork	166
16077	receive	166	1545377324.3271084
16077	fork	166
16078	send	45	1545377324.8670354
16079	receive	45	1545377324.8684487
16079	fork	45
16069	receive	45	1545377324.8833113
16069	fork	45
16078	receive	45	1545377324.885496
16079	send	53	1545377324.9709177
16069	receive	53	1545377324.97168
16069	fork	53
16078	receive	53	1545377324.9790606
16079	receive	53	1545377324.9790761
16078	fork	53
16077	receive	45	1545377325.087052
16077	fork	45
16077	receive	53	1545377325.15426
16077	fork	53
16078	send	46	1545377326.0986087
16069	receive	46	1545377326.1000288
16069	fork	46
16079	receive	46	1545377326.1070507
16079	fork	46
16078	receive	46	1545377326.1110492
16077	receive	46	1545377326.2006283
16077	send	32	1545377326.201896
16079	receive	32	1545377326.203259
16079	fork	32
16077	fork	46
16069	receive	32	1545377326.209388
16069	fork	32
16077	receive	32	1545377326.2109423
16078	receive	32	1545377326.2270489
16078	fork	32
16077	send	33	1545377328.5220432
16079	receive	33	1545377328.5299885
16079	fork	33
16069	receive	33	1545377328.533554
16077	receive	33	1545377328.534018
16069	fork	33
16078	receive	33	1545377328.854004
16078	fork	33
16078	send	47	1545377329.0220807
16078	receive	47	1545377329.0339916
16069	receive	47	1545377329.0367446
16069	fork	47
16077	receive	47	1545377329.0380049
16079	receive	47	1545377329.0380065
16079	fork	47
16077	fork	47
16069	send	167	1545377330.2359335
16079	receive	167	1545377330.2440503
16079	fork	167
16077	receive	167	1545377330.2505112
16069	receive	167	1545377330.2505233
16077	fork	167
16078	receive	167	1545377330.4539993
16078	fork	167
16077	send	34	1545377331.6670113
16079	receive	34	1545377331.6683621
16079	fork	34
16079	send	54	1545377331.680133
16069	receive	34	1545377331.680629
16069	fork	34
16077	receive	34	1545377331.6830544
16077	receive	54	1545377331.6836836
16077	fork	54
16079	receive	54	1545377331.694013
16069	receive	54	1545377331.7451994
16069	fork	54
16078	receive	34	1545377331.7761414
16078	fork	34
16078	receive	54	1545377331.9780238
16078	fork	54
16077	send	35	1545377333.9761395
16069	receive	35	1545377333.9772182
16069	fork	35
16079	receive	35	1545377333.97802
16079	fork	35
16077	receive	35	1545377333.9910505
16078	receive	35	1545377334.2388544
16078	fork	35
16077	send	36	1545377335.1860523
16079	receive	36	1545377335.1899889
16069	receive	36	1545377335.1900103
16069	fork	36
16079	fork	36
16077	receive	36	1545377335.203055
16078	receive	36	1545377335.3238997
16078	fork	36
16079	send	55	1545377336.1385853
16069	receive	55	1545377336.140424
16069	fork	55
16077	receive	55	1545377336.144295
16077	fork	55
16079	receive	55	1545377336.1501331
16079	send	56	1545377336.198276
16069	receive	56	1545377336.2003706
16069	fork	56
16077	receive	56	1545377336.2116
16077	fork	56
16079	receive	56	1545377336.2152777
16078	receive	55	1545377336.2620232
16078	fork	55
16078	receive	56	1545377336.4220192
16078	fork	56
16077	send	37	1545377336.6893964
16079	receive	37	1545377336.691058
16079	fork	37
16077	send	38	1545377336.6932275
16079	receive	38	1545377336.6940796
16079	fork	38
16069	receive	37	1545377336.7024732
16069	fork	37
16069	receive	38	1545377336.7027187
16069	fork	38
16077	receive	37	1545377336.7030592
16077	receive	38	1545377336.7032843
16078	receive	37	1545377336.8745303
16078	fork	37
16078	receive	38	1545377336.9495468
16078	fork	38
16079	send	57	1545377337.3580189
16077	receive	57	1545377337.367052
16077	fork	57
16069	receive	57	1545377337.3780122
16069	fork	57
16079	receive	57	1545377337.3830473
16078	receive	57	1545377337.6080036
16078	fork	57
16077	send	39	1545377338.1820457
16069	receive	39	1545377338.1859958
16069	fork	39
16079	receive	39	1545377338.199046
16079	fork	39
16077	receive	39	1545377338.203155
16078	receive	39	1545377338.276765
16078	fork	39
16079	send	58	1545377338.5868256
16069	receive	58	1545377338.5940886
16069	fork	58
16077	receive	58	1545377338.5950537
16077	fork	58
16079	receive	58	1545377338.603048
16078	receive	58	1545377338.8181274
16078	fork	58
16077	send	40	1545377339.4831076
16079	receive	40	1545377339.4839592
16079	fork	40
16069	receive	40	1545377339.4900258
16069	fork	40
16077	receive	40	1545377339.503052
16078	receive	40	1545377339.7661562
16078	fork	40
16079	send	59	1545377340.0084527
16069	receive	59	1545377340.010596
16069	fork	59
16079	receive	59	1545377340.0195827
16077	receive	59	1545377340.026336
16077	fork	59
16078	receive	59	1545377340.2966044
16078	fork	59
16077	send	41	1545377341.83404
16069	receive	41	1545377341.8356004
16079	receive	41	1545377341.8390486
16069	fork	41
16079	fork	41
16077	receive	41	1545377341.8510585
16078	receive	41	1545377341.9341094
16078	fork	41
16079	send	60	1545377342.0896401
16077	receive	60	1545377342.091577
16077	fork	60
16079	receive	60	1545377342.1012404
16069	receive	60	1545377342.106028
16069	fork	60
16077	send	42	1545377342.2220407
16079	receive	42	1545377342.223692
16079	fork	42
16077	receive	42	1545377342.2293074
16069	receive	42	1545377342.2299964
16069	fork	42
16078	receive	60	1545377342.3980153
16078	fork	60
16078	receive	42	1545377342.4700398
16078	fork	42
16069	send	168	1545377343.8778834
16079	receive	168	1545377343.8832643
16079	fork	168
16077	receive	168	1545377343.8950462
16069	receive	168	1545377343.895333
16077	fork	168
16069	send	169	1545377343.966357
16077	receive	169	1545377343.9686112
16069	receive	169	1545377343.9763865
16077	fork	169
16079	receive	169	1545377343.9837267
16079	fork	169
16078	receive	168	1545377344.1420105
16078	fork	168
16078	receive	169	1545377344.3386824
16078	fork	169
16077	send	43	1545377344.5420623
16069	receive	43	1545377344.5430946
16069	fork	43
16077	receive	43	1545377344.5487435
16079	receive	43	1545377344.5590513
16079	fork	43
16078	receive	43	1545377344.8118849
16078	fork	43
16078	send	48	1545377345.788734
16078	receive	48	1545377345.7900136
16077	receive	48	1545377345.8057487
16077	fork	48
16069	receive	48	1545377345.789951
16069	fork	48
16079	receive	48	1545377345.8011875
16079	fork	48
16069	send	170	1545377346.0574236
16079	receive	170	1545377346.0590568
16079	fork	170
16077	receive	170	1545377346.0710511
16077	fork	170
16069	receive	170	1545377346.0712583
16069	send	171	1545377346.2340453
16079	receive	171	1545377346.2356055
16077	receive	171	1545377346.2356112
16077	fork	171
16079	fork	171
16069	receive	171	1545377346.2468846
16078	receive	170	1545377346.2953012
16078	fork	170
16078	receive	171	1545377346.4393299
16078	fork	171
16079	send	61	1545377347.2633815
16079	receive	61	1545377347.2837093
16069	receive	61	1545377347.287053
16069	fork	61
16077	receive	61	1545377347.291047
16077	fork	61
16078	receive	61	1545377347.3790503
16078	fork	61
16077	send	44	1545377348.2180333
16069	receive	44	1545377348.2194796
16079	receive	44	1545377348.2194803
16069	send	172	1545377348.2196183
16079	fork	44
16069	fork	44
16069	receive	172	1545377348.2203238
16079	receive	172	1545377348.220673
16079	fork	172
16077	receive	44	1545377348.2350476
16077	receive	172	1545377348.2352133
16077	fork	172
16078	receive	44	1545377348.3880534
16078	fork	44
16078	receive	172	1545377348.460192
16078	fork	172
16069	send	173	1545377348.6380332
16077	receive	173	1545377348.6397066
16079	receive	173	1545377348.6397018
16077	fork	173
16069	receive	173	1545377348.649836
16079	fork	173
16078	receive	173	1545377348.92781
16078	fork	173
16077	send	45	1545377349.6037726
16079	receive	45	1545377349.6062205
16079	fork	45
16069	receive	45	1545377349.6110513
16069	fork	45
16077	receive	45	1545377349.6140618
16079	send	62	1545377349.8578587
16069	receive	62	1545377349.8595622
16077	receive	62	1545377349.8610322
16077	fork	62
16078	receive	45	1545377349.8651774
16078	fork	45
16079	receive	62	1545377349.8652556
16069	fork	62
16078	receive	62	1545377350.022088
16078	fork	62
16078	send	49	1545377351.190719
16078	receive	49	1545377351.1941316
16079	receive	49	1545377351.195822
16079	fork	49
16069	receive	49	1545377351.1958754
16069	fork	49
16077	receive	49	1545377351.1991348
16077	fork	49
16079	send	63	1545377351.515573
16077	receive	63	1545377351.5230675
16077	fork	63
16079	receive	63	1545377351.5311682
16069	receive	63	1545377351.5557714
16069	fork	63
16078	receive	63	1545377351.8138049
16078	fork	63
16077	send	46	1545377353.2167373
16069	receive	46	1545377353.2179484
16079	receive	46	1545377353.2218096
16079	fork	46
16077	receive	46	1545377353.231052
16069	fork	46
16069	send	174	1545377353.3093164
16079	receive	174	1545377353.312983
16079	fork	174
16069	receive	174	1545377353.3230605
16077	receive	174	1545377353.3230572
16077	fork	174
16078	receive	46	1545377353.369194
16078	fork	46
16078	receive	174	1545377353.515502
16078	fork	174
16079	send	64	1545377353.7580543
16069	receive	64	1545377353.7594063
16069	fork	64
16077	receive	64	1545377353.771058
16077	fork	64
16079	receive	64	1545377353.787051
16078	receive	64	1545377353.9833293
16078	fork	64
16077	send	47	1545377354.2220438
16079	receive	47	1545377354.2234943
16079	fork	47
16069	receive	47	1545377354.2270489
16069	fork	47
16077	receive	47	1545377354.2390513
16079	send	65	1545377354.3104224
16077	receive	65	1545377354.3150065
16069	receive	65	1545377354.3266735
16069	fork	65
16079	receive	65	1545377354.3270257
16077	fork	65
16078	receive	47	1545377354.4550526
16078	fork	47
16078	receive	65	1545377354.5230234
16078	fork	65
16078	send	50	1545377354.5307386
16079	receive	50	1545377354.5431502
16079	fork	50
16078	receive	50	1545377354.5443947
16077	receive	50	1545377354.5447733
16077	fork	50
16069	receive	50	1545377354.5766149
16069	fork	50
16069	send	175	1545377355.489225
16079	receive	175	1545377355.4947863
16079	fork	175
16077	receive	175	1545377355.4999511
16077	fork	175
16069	receive	175	1545377355.507052
16078	receive	175	1545377355.8511333
16078	fork	175
16069	send	176	1545377357.7740245
16077	receive	176	1545377357.7862554
16077	fork	176
16079	receive	176	1545377357.7910495
16079	fork	176
16069	receive	176	1545377357.7919915
16078	receive	176	1545377357.927045
16078	fork	176
16079	send	66	1545377359.4822254
16077	receive	66	1545377359.4985561
16077	fork	66
16079	receive	66	1545377359.5108101
16069	receive	66	1545377359.5971503
16078	receive	66	1545377359.5971608
16078	fork	66
16069	fork	66
16077	send	48	1545377362.2074642
16078	receive	48	1545377362.2231004
16078	fork	48
16079	receive	48	1545377362.2340176
16079	fork	48
16077	receive	48	1545377362.235051
16069	receive	48	1545377362.2419848
16069	fork	48
16069	send	177	1545377362.2711625
16069	receive	177	1545377362.2860107
16078	receive	177	1545377362.3100076
16078	fork	177
16077	receive	177	1545377362.3239887
16077	fork	177
16078	send	51	1545377362.3301265
16078	receive	51	1545377362.3460083
16079	receive	177	1545377362.3980217
16079	fork	177
16079	send	67	1545377362.4237082
16078	receive	67	1545377362.4277728
16078	fork	67
16069	receive	51	1545377362.43538
16069	fork	51
16079	receive	67	1545377362.436618
16069	receive	67	1545377362.5102534
16077	receive	51	1545377362.5213726
16077	fork	51
16069	fork	67
16079	receive	51	1545377362.5922296
16077	receive	67	1545377362.603087
16077	fork	67
16079	fork	51
16079	send	68	1545377364.0782757
16077	receive	68	1545377364.1102412
16077	fork	68
16079	receive	68	1545377364.115048
16078	receive	68	1545377364.1262097
16078	fork	68
16069	receive	68	1545377364.1267042
16069	fork	68
16069	send	178	1545377365.2504432
16078	receive	178	1545377365.2515583
16077	receive	178	1545377365.2515576
16069	receive	178	1545377365.2596056
16078	fork	178
16079	receive	178	1545377365.261135
16079	fork	178
16077	fork	178
16078	send	52	1545377366.060027
16079	receive	52	1545377366.0630555
16079	fork	52
16077	receive	52	1545377366.0750597
16077	fork	52
16078	receive	52	1545377366.0790524
16069	receive	52	1545377366.1435943
16069	fork	52
16078	send	53	1545377366.8301554
16077	receive	53	1545377366.8309577
16077	fork	53
16069	receive	53	1545377366.8362134
16069	fork	53
16079	receive	53	1545377366.843047
16079	fork	53
16078	receive	53	1545377366.8470492
16079	send	69	1545377366.874028
16078	receive	69	1545377366.875551
16078	fork	69
16077	receive	69	1545377366.8870585
16077	fork	69
16069	receive	69	1545377366.8910663
16069	fork	69
16079	receive	69	1545377366.9128451
16069	send	179	1545377367.1860516
16078	receive	179	1545377367.1878715
16077	receive	179	1545377367.187869
16079	receive	179	1545377367.187865
16079	fork	179
16077	fork	179
16078	fork	179
16069	receive	179	1545377367.205416
16069	send	180	1545377368.529934
16079	receive	180	1545377368.5307307
16077	receive	180	1545377368.5307364
16077	fork	180
16079	fork	180
16078	receive	180	1545377368.5355356
16078	fork	180
16069	receive	180	1545377368.53932
16078	send	54	1545377370.1260328
16079	receive	54	1545377370.127326
16077	receive	54	1545377370.1273856
16077	fork	54
16079	fork	54
16078	receive	54	1545377370.1439161
16069	receive	54	1545377370.1646106
16069	fork	54
16069	send	181	1545377371.7700775
16078	receive	181	1545377371.7710395
16079	receive	181	1545377371.7710335
16079	fork	181
16077	receive	181	1545377371.775067
16077	fork	181
16069	receive	181	1545377371.7870536
16078	fork	181
16079	send	70	1545377372.1380303
16077	receive	70	1545377372.1388047
16077	fork	70
16079	receive	70	1545377372.1540058
16069	receive	70	1545377372.1913612
16069	fork	70
16078	receive	70	1545377372.1977654
16078	fork	70
16079	send	71	1545377372.7656338
16069	receive	71	1545377372.7672145
16078	receive	71	1545377372.7672215
16069	fork	71
16078	fork	71
16077	receive	71	1545377372.7709837
16077	fork	71
16079	receive	71	1545377372.7816372
16079	send	72	1545377373.168292
16077	receive	72	1545377373.1737006
16077	fork	72
16079	receive	72	1545377373.1783586
16078	receive	72	1545377373.1852858
16078	fork	72
16069	receive	72	1545377373.1873186
16069	fork	72
16069	send	182	1545377373.3787131
16078	receive	182	1545377373.379973
16069	receive	182	1545377373.3803072
16079	receive	182	1545377373.3831415
16079	fork	182
16077	receive	182	1545377373.3852284
16077	fork	182
16078	fork	182
16079	send	73	1545377374.791231
16069	receive	73	1545377374.792471
16077	receive	73	1545377374.7924774
16077	fork	73
16069	fork	73
16078	receive	73	1545377374.803145
16078	fork	73
16079	receive	73	1545377374.807047
16069	send	183	1545377375.6636062
16077	receive	183	1545377375.6656537
16079	receive	183	1545377375.665654
16079	fork	183
16077	fork	183
16069	receive	183	1545377375.6830525
16078	receive	183	1545377375.7267241
16078	fork	183
16077	send	49	1545377376.337191
16079	receive	49	1545377376.3418205
16079	fork	49
16078	receive	49	1545377376.347299
16069	receive	49	1545377376.3473437
16069	fork	49
16078	fork	49
16077	receive	49	1545377376.3551824
16077	send	50	1545377376.946034
16078	receive	50	1545377376.9475832
16079	receive	50	1545377376.9475787
16078	fork	50
16079	fork	50
16069	receive	50	1545377376.9550502
16069	fork	50
16077	receive	50	1545377376.9657233
16077	send	51	1545377377.220599
16079	receive	51	1545377377.2230525
16079	fork	51
16078	receive	51	1545377377.2236793
16078	fork	51
16069	receive	51	1545377377.2268152
16069	fork	51
16077	receive	51	1545377377.2350526
16069	send	184	1545377377.2379925
16077	receive	184	1545377377.239005
16077	fork	184
16079	receive	184	1545377377.2441783
16079	fork	184
16069	receive	184	1545377377.2550523
16078	receive	184	1545377377.2864804
16078	fork	184
16078	send	55	1545377377.4860427
16077	receive	55	1545377377.48794
16079	receive	55	1545377377.487936
16077	fork	55
16078	receive	55	1545377377.4950564
16069	receive	55	1545377377.4950511
16069	fork	55
16079	fork	55
16079	send	74	1545377378.0100374
16069	receive	74	1545377378.0150511
16069	fork	74
16077	receive	74	1545377378.0190563
16077	fork	74
16079	receive	74	1545377378.0207555
16078	receive	74	1545377378.0270514
16078	fork	74
16078	send	56	1545377378.088456
16069	receive	56	1545377378.0903828
16069	fork	56
16079	receive	56	1545377378.099052
16079	fork	56
16077	receive	56	1545377378.100505
16077	fork	56
16078	receive	56	1545377378.1041725
16078	send	57	1545377378.1220093
16078	receive	57	1545377378.138171
16079	receive	57	1545377378.1545434
16079	fork	57
16077	receive	57	1545377378.161726
16077	fork	57
16069	receive	57	1545377378.2816393
16069	fork	57
16077	send	52	1545377378.6461852
16079	receive	52	1545377378.64813
16079	fork	52
16077	receive	52	1545377378.6630638
16078	receive	52	1545377378.7226808
16078	fork	52
16069	receive	52	1545377378.7334125
16069	fork	52
16078	send	58	1545377380.6081657
16069	receive	58	1545377380.6094637
16079	receive	58	1545377380.6094654
16079	fork	58
16069	fork	58
16077	receive	58	1545377380.6173966
16077	fork	58
16078	receive	58	1545377380.6270504
16079	send	75	1545377381.0514035
16069	receive	75	1545377381.052915
16078	receive	75	1545377381.052921
16078	fork	75
16069	fork	75
16079	receive	75	1545377381.0611649
16077	receive	75	1545377381.066765
16077	fork	75
16079	send	76	1545377381.6610231
16079	receive	76	1545377381.6762893
16077	receive	76	1545377381.6790807
16077	fork	76
16069	receive	76	1545377381.7431414
16069	fork	76
16078	receive	76	1545377381.746753
16078	fork	76
16077	send	53	1545377382.506027
16078	receive	53	1545377382.5110471
16078	fork	53
16069	receive	53	1545377382.5166945
16069	fork	53
16077	receive	53	1545377382.5230477
16079	receive	53	1545377382.5270498
16079	fork	53
16077	send	54	1545377382.7044895
16079	receive	54	1545377382.7053509
16079	fork	54
16077	receive	54	1545377382.7218676
16078	receive	54	1545377382.7499986
16078	fork	54
16069	receive	54	1545377382.7572982
16069	fork	54
16077	send	55	1545377382.819108
16079	receive	55	1545377382.8230753
16078	receive	55	1545377382.8230753
16078	fork	55
16079	fork	55
16077	receive	55	1545377382.8310878
16069	receive	55	1545377382.8405704
16069	fork	55
16079	send	77	1545377383.7198908
16079	receive	77	1545377383.7390585
16077	receive	77	1545377383.743051
16077	fork	77
16069	receive	77	1545377383.749954
16078	receive	77	1545377383.7550485
16078	fork	77
16069	fork	77
16077	send	56	1545377384.7260582
16079	receive	56	1545377384.728125
16077	receive	56	1545377384.7350569
16079	fork	56
16078	receive	56	1545377384.7554603
16078	fork	56
16069	receive	56	1545377384.7630746
16069	fork	56
16078	send	59	1545377386.85004
16077	receive	59	1545377386.8518214
16079	receive	59	1545377386.851817
16069	receive	59	1545377386.8548825
16069	fork	59
16077	fork	59
16078	receive	59	1545377386.8630548
16079	fork	59
16079	send	78	1545377387.056177
16069	receive	78	1545377387.0580566
16077	receive	78	1545377387.0580611
16069	fork	78
16078	receive	78	1545377387.0710504
16078	fork	78
16077	fork	78
16079	receive	78	1545377387.0790467
16069	send	185	1545377388.1260405
16079	receive	185	1545377388.1275527
16078	receive	185	1545377388.1310549
16078	fork	185
16069	receive	185	1545377388.1430604
16079	fork	185
16077	receive	185	1545377388.1441076
16077	fork	185
16069	send	186	1545377388.3740337
16077	receive	186	1545377388.3755932
16077	fork	186
16079	receive	186	1545377388.3790464
16079	fork	186
16069	receive	186	1545377388.3910518
16078	receive	186	1545377388.3910496
16078	fork	186
16079	send	79	1545377390.9100416
16069	receive	79	1545377390.9118454
16078	receive	79	1545377390.911852
16078	fork	79
16069	fork	79
16077	receive	79	1545377390.9150467
16077	fork	79
16079	receive	79	1545377390.9270504
16069	send	187	1545377392.4950943
16077	receive	187	1545377392.4962292
16078	receive	187	1545377392.49905
16079	receive	187	1545377392.4990501
16079	fork	187
16078	fork	187
16077	fork	187
16069	receive	187	1545377392.5110474
16069	send	188	1545377392.8820887
16078	receive	188	1545377392.883293
16078	fork	188
16077	receive	188	1545377392.887053
16079	receive	188	1545377392.8870509
16079	fork	188
16077	fork	188
16069	receive	188	1545377392.8990557
16078	send	60	1545377394.8140614
16079	receive	60	1545377394.8160434
16079	fork	60
16077	receive	60	1545377394.8270476
16077	fork	60
16069	receive	60	1545377394.8310468
16069	fork	60
16078	receive	60	1545377394.8350582
16079	send	80	1545377395.192068
16069	receive	80	1545377395.1967337
16069	fork	80
16078	receive	80	1545377395.2030518
16078	fork	80
16077	receive	80	1545377395.206885
16077	fork	80
16079	receive	80	1545377395.2070565
16077	send	57	1545377396.4573047
16078	receive	57	1545377396.4585538
16078	fork	57
16079	receive	57	1545377396.4594681
16079	fork	57
16069	receive	57	1545377396.4710486
16069	fork	57
16077	receive	57	1545377396.4750528
16077	send	58	1545377396.8329039
16079	receive	58	1545377396.834652
16078	receive	58	1545377396.834657
16079	fork	58
16078	fork	58
16077	receive	58	1545377396.841401
16069	receive	58	1545377396.846442
16069	fork	58
16069	send	189	1545377397.1420684
16078	receive	189	1545377397.145625
16078	fork	189
16069	receive	189	1545377397.1511085
16077	receive	189	1545377397.1517239
16077	fork	189
16079	receive	189	1545377397.1570122
16079	fork	189
16078	send	61	1545377397.3157313
16079	receive	61	1545377397.3175201
16079	fork	61
16077	receive	61	1545377397.3190513
16077	fork	61
16069	receive	61	1545377397.3317037
16069	fork	61
16078	receive	61	1545377397.3350496
16079	send	81	1545377398.1756787
16077	receive	81	1545377398.1769903
16069	receive	81	1545377398.1769867
16077	fork	81
16078	receive	81	1545377398.1791222
16078	fork	81
16069	fork	81
16079	receive	81	1545377398.1950471
16077	send	59	1545377398.7047145
16079	receive	59	1545377398.706299
16078	receive	59	1545377398.7063022
16079	fork	59
16078	fork	59
16069	receive	59	1545377398.7128787
16069	fork	59
16077	receive	59	1545377398.7216759
16069	send	190	1545377400.0940523
16077	receive	190	1545377400.0949147
16077	fork	190
16078	receive	190	1545377400.0998762
16078	fork	190
16069	receive	190	1545377400.1110566
16079	receive	190	1545377400.111052
16079	fork	190
16079	send	82	1545377402.974051
16069	receive	82	1545377402.9790506
16078	receive	82	1545377402.9790506
16078	fork	82
16069	fork	82
16077	receive	82	1545377402.9870505
16077	fork	82
16079	receive	82	1545377402.9910495
16078	send	62	1545377403.269844
16077	receive	62	1545377403.278555
16077	fork	62
16078	receive	62	1545377403.2910578
16079	receive	62	1545377403.2910628
16079	fork	62
16069	receive	62	1545377403.3790476
16069	fork	62
16079	send	83	1545377403.65406
16069	receive	83	1545377403.6575146
16069	fork	83
16077	receive	83	1545377403.6590593
16077	fork	83
16078	receive	83	1545377403.6670523
16078	fork	83
16079	receive	83	1545377403.6710503
16077	send	60	1545377404.0420473
16069	receive	60	1545377404.0470514
16069	fork	60
16078	receive	60	1545377404.0504355
16078	fork	60
16079	receive	60	1545377404.0550513
16079	fork	60
16077	receive	60	1545377404.0610251
16077	send	61	1545377404.2820215
16079	receive	61	1545377404.2950475
16079	fork	61
16077	receive	61	1545377404.302914
16078	receive	61	1545377404.3736508
16069	receive	61	1545377404.3736444
16069	fork	61
16078	fork	61
16079	send	84	1545377404.6651394
16079	receive	84	1545377404.6661825
16069	receive	84	1545377404.6696317
16069	fork	84
16078	receive	84	1545377404.6830518
16077	receive	84	1545377404.683053
16077	fork	84
16078	fork	84
16077	send	62	1545377405.5706642
16078	receive	62	1545377405.5717466
16078	fork	62
16077	receive	62	1545377405.5870519
16079	receive	62	1545377405.5870533
16079	fork	62
16069	receive	62	1545377405.5950468
16069	fork	62
16078	send	63	1545377406.1621091
16077	receive	63	1545377406.1641135
16077	fork	63
16069	receive	63	1545377406.1738293
16069	fork	63
16079	receive	63	1545377406.1750782
16079	fork	63
16078	receive	63	1545377406.179815
16069	send	191	1545377406.7260654
16078	receive	191	1545377406.7273996
16077	receive	191	1545377406.727402
16078	fork	191
16079	receive	191	1545377406.7310562
16079	fork	191
16077	fork	191
16069	receive	191	1545377406.7430494
16077	send	63	1545377407.510058
16078	receive	63	1545377407.5119755
16078	fork	63
16079	receive	63	1545377407.5190496
16069	receive	63	1545377407.519049
16069	fork	63
16079	fork	63
16077	receive	63	1545377407.5206702
16077	send	64	1545377407.6228392
16069	receive	64	1545377407.6298234
16078	receive	64	1545377407.629833
16078	fork	64
16069	fork	64
16079	receive	64	1545377407.6350477
16079	fork	64
16077	receive	64	1545377407.641153
16078	send	64	1545377408.2140465
16079	receive	64	1545377408.215486
16079	fork	64
16077	receive	64	1545377408.2190528
16077	fork	64
16069	receive	64	1545377408.227048
16069	fork	64
16078	receive	64	1545377408.2310517
16079	send	85	1545377408.3220937
16077	receive	85	1545377408.3231163
16077	fork	85
16079	receive	85	1545377408.339053
16078	receive	85	1545377408.407109
16069	receive	85	1545377408.4071453
16069	fork	85
16078	fork	85
16078	send	65	1545377409.2699656
16077	receive	65	1545377409.2721562
16077	fork	65
16079	receive	65	1545377409.2790532
16079	fork	65
16078	receive	65	1545377409.2831347
16069	receive	65	1545377409.2870543
16069	fork	65
16077	send	65	1545377410.5780244
16069	receive	65	1545377410.5793715
16079	receive	65	1545377410.5793731
16078	receive	65	1545377410.5793784
16078	fork	65
16079	fork	65
16069	fork	65
16077	receive	65	1545377410.5950484
16079	send	86	1545377413.062016
16069	receive	86	1545377413.0627136
16077	receive	86	1545377413.0627177
16077	fork	86
16069	fork	86
16079	receive	86	1545377413.0790448
16078	receive	86	1545377413.0790503
16078	fork	86
16069	send	192	1545377414.3383796
16079	receive	192	1545377414.3399734
16077	receive	192	1545377414.3470528
16077	fork	192
16069	receive	192	1545377414.3483849
16079	fork	192
16078	receive	192	1545377414.430674
16078	fork	192
16078	send	66	1545377414.481549
16079	receive	66	1545377414.490963
16077	receive	66	1545377414.4923012
16077	fork	66
16069	receive	66	1545377414.493274
16069	fork	66
16078	receive	66	1545377414.5030057
16079	fork	66
16069	send	193	1545377415.098034
16079	receive	193	1545377415.0989394
16077	receive	193	1545377415.099051
16079	fork	193
16077	fork	193
16078	receive	193	1545377415.1086392
16078	fork	193
16069	receive	193	1545377415.1150515
16077	send	66	1545377415.5699625
16069	receive	66	1545377415.576063
16069	fork	66
16079	receive	66	1545377415.579285
16078	receive	66	1545377415.5793045
16079	fork	66
16078	fork	66
16077	receive	66	1545377415.5872407
16069	send	194	1545377416.0263145
16079	receive	194	1545377416.030129
16079	fork	194
16077	receive	194	1545377416.0302362
16077	fork	194
16078	receive	194	1545377416.0331945
16078	fork	194
16069	receive	194	1545377416.0590522
16078	send	67	1545377418.2380548
16079	receive	67	1545377418.239261
16077	receive	67	1545377418.2392657
16079	fork	67
16078	receive	67	1545377418.2508564
16069	receive	67	1545377418.251051
16069	fork	67
16077	fork	67
16079	send	87	1545377418.336623
16077	receive	87	1545377418.3525512
16077	fork	87
16079	receive	87	1545377418.3623037
16078	receive	87	1545377418.4613307
16078	fork	87
16069	receive	87	1545377418.4655855
16069	fork	87
16078	send	68	1545377418.790097
16069	receive	68	1545377418.7915425
16077	receive	68	1545377418.7915516
16077	fork	68
16069	fork	68
16079	receive	68	1545377418.8070512
16079	fork	68
16078	receive	68	1545377418.8110518
16078	send	69	1545377419.0661008
16069	receive	69	1545377419.067546
16079	receive	69	1545377419.0679107
16079	fork	69
16077	receive	69	1545377419.075049
16077	fork	69
16078	receive	69	1545377419.080649
16069	fork	69
16079	send	88	1545377421.0118475
16069	receive	88	1545377421.0230446
16077	receive	88	1545377421.0230446
16069	fork	88
16077	fork	88
16079	receive	88	1545377421.0270464
16078	receive	88	1545377421.027053
16078	fork	88
16078	send	70	1545377421.9481926
16079	receive	70	1545377421.9550455
16079	fork	70
16078	receive	70	1545377421.9589825
16077	receive	70	1545377421.9630477
16077	fork	70
16069	receive	70	1545377421.9830463
16069	fork	70
16078	send	71	1545377422.3437102
16077	receive	71	1545377422.3446004
16079	receive	71	1545377422.3445945
16077	fork	71
16079	fork	71
16069	receive	71	1545377422.3470526
16069	fork	71
16078	receive	71	1545377422.3496926
16077	send	67	1545377423.9826202
16078	receive	67	1545377423.9950204
16069	receive	67	1545377423.9950476
16069	fork	67
16078	fork	67
16079	receive	67	1545377423.9985151
16079	fork	67
16077	receive	67	1545377424.0150495
16069	send	195	1545377424.0220187
16077	receive	195	1545377424.0227358
16077	fork	195
16079	receive	195	1545377424.0310454
16079	fork	195
16069	receive	195	1545377424.039066
16078	receive	195	1545377424.0601306
16078	fork	195
16079	send	89	1545377424.091239
16069	receive	89	1545377424.0926385
16069	fork	89
16077	receive	89	1545377424.098017
16077	fork	89
16079	receive	89	1545377424.101451
16078	receive	89	1545377424.1362128
16078	fork	89
16069	send	196	1545377424.253521
16077	receive	196	1545377424.2543666
16079	receive	196	1545377424.2670512
16079	fork	196
16077	fork	196
16078	receive	196	1545377424.2710624
16078	fork	196
16069	receive	196	1545377424.2712731
16079	send	90	1545377424.8750186
16077	receive	90	1545377424.8764806
16079	receive	90	1545377424.8855333
16077	fork	90
16078	receive	90	1545377425.0031996
16078	fork	90
16069	receive	90	1545377425.0073888
16069	fork	90
16079	send	91	1545377425.6661315
16078	receive	91	1545377425.6679711
16078	fork	91
16077	receive	91	1545377425.6750574
16077	fork	91
16069	receive	91	1545377425.6778762
16069	fork	91
16079	receive	91	1545377425.6891744
16079	send	92	1545377426.132566
16069	receive	92	1545377426.1340404
16078	receive	92	1545377426.1340451
16078	fork	92
16069	fork	92
16077	receive	92	1545377426.1391962
16077	fork	92
16079	receive	92	1545377426.1448443
16078	send	72	1545377426.170042
16079	receive	72	1545377426.1751103
16079	fork	72
16078	receive	72	1545377426.1870618
16069	receive	72	1545377426.203536
16077	receive	72	1545377426.2149076
16077	fork	72
16069	fork	72
16078	send	73	1545377426.7589138
16077	receive	73	1545377426.7620788
16077	fork	73
16078	receive	73	1545377426.7750528
16069	receive	73	1545377426.7750504
16069	fork	73
16079	receive	73	1545377426.772188
16079	fork	73
16077	send	68	1545377428.4860299
16079	receive	68	1545377428.491992
16079	fork	68
16077	receive	68	1545377428.503048
16078	receive	68	1545377428.5112505
16078	fork	68
16069	receive	68	1545377428.5193126
16069	fork	68
16078	send	74	1545377429.202051
16069	receive	74	1545377429.2030706
16079	receive	74	1545377429.2110999
16079	fork	74
16069	fork	74
16078	receive	74	1545377429.2143042
16077	receive	74	1545377429.2230551
16077	fork	74
16077	send	69	1545377431.9020293
16078	receive	69	1545377431.9029896
16079	receive	69	1545377431.9029841
16079	fork	69
16078	fork	69
16077	receive	69	1545377431.919052
16069	receive	69	1545377431.9190538
16069	fork	69
16078	send	75	1545377433.7913795
16069	receive	75	1545377433.794607
16069	fork	75
16079	receive	75	1545377433.7989159
16079	fork	75
16078	receive	75	1545377433.8024583
16077	receive	75	1545377433.8110726
16077	fork	75
16077	send	70	1545377434.2940512
16078	receive	70	1545377434.2950563
16078	fork	70
16079	receive	70	1545377434.299051
16079	fork	70
16069	receive	70	1545377434.3070517
16069	fork	70
16077	receive	70	1545377434.3110533
16077	send	71	1545377434.6301644
16079	receive	71	1545377434.6346285
16069	receive	71	1545377434.6353958
16069	fork	71
16079	fork	71
16078	receive	71	1545377434.641216
16078	fork	71
16077	receive	71	1545377434.6477745
16077	send	72	1545377436.0180404
16079	receive	72	1545377436.0270565
16079	fork	72
16077	receive	72	1545377436.0291123
16078	receive	72	1545377436.0595047
16078	fork	72
16069	receive	72	1545377436.067336
16069	fork	72
16069	send	197	1545377437.7554061
16077	receive	197	1545377437.76689
16078	receive	197	1545377437.7668934
16078	fork	197
16077	fork	197
16079	receive	197	1545377437.7711527
16079	fork	197
16069	receive	197	1545377437.7830474
16079	send	93	1545377438.7482512
16077	receive	93	1545377438.7495809
16069	receive	93	1545377438.7495787
16069	fork	93
16078	receive	93	1545377438.750159
16077	fork	93
16078	fork	93
16079	receive	93	1545377438.757092
16077	send	73	1545377440.798424
16069	receive	73	1545377440.8001814
16079	receive	73	1545377440.8002236
16079	fork	73
16069	fork	73
16078	receive	73	1545377440.807048
16078	fork	73
16077	receive	73	1545377440.81505
16079	send	94	1545377440.8780868
16077	receive	94	1545377440.8789587
16077	fork	94
16069	receive	94	1545377440.8830726
16069	fork	94
16079	receive	94	1545377440.8950856
16078	receive	94	1545377440.8991597
16078	fork	94
16069	send	198	1545377440.9115145
16069	receive	198	1545377440.91212
16077	receive	198	1545377440.9139628
16077	fork	198
16079	receive	198	1545377440.9182718
16079	fork	198
16078	receive	198	1545377440.9206164
16078	fork	198
16078	send	76	1545377441.7013612
16077	receive	76	1545377441.7035306
16078	receive	76	1545377441.7134778
16069	receive	76	1545377441.7136707
16069	fork	76
16077	fork	76
16079	receive	76	1545377441.7190807
16079	fork	76
16077	send	74	1545377442.010026
16079	receive	74	1545377442.0150537
16079	fork	74
16077	receive	74	1545377442.0270486
16078	receive	74	1545377442.1042385
16078	fork	74
16069	receive	74	1545377442.1070542
16069	fork	74
16079	send	95	1545377442.7332888
16069	receive	95	1545377442.7357504
16069	fork	95
16077	receive	95	1545377442.736826
16077	fork	95
16078	receive	95	1545377442.7460997
16078	fork	95
16079	receive	95	1545377442.7511303
16069	send	199	1545377443.8130214
16078	receive	199	1545377443.8161705
16079	receive	199	1545377443.8161654
16079	fork	199
16078	fork	199
16077	receive	199	1545377443.8181589
16069	receive	199	1545377443.8192656
16077	fork	199
16078	send	77	1545377444.9847205
16079	receive	77	1545377444.9888394
16077	receive	77	1545377444.989356
16077	fork	77
16069	receive	77	1545377444.9910796
16069	fork	77
16078	receive	77	1545377444.993873
16079	fork	77
16079	send	96	1545377445.0324273
16079	receive	96	1545377445.033208
16077	receive	96	1545377445.0674121
16077	fork	96
16078	receive	96	1545377445.1250505
16078	fork	96
16069	receive	96	1545377445.1995807
16069	fork	96
16078	send	78	1545377446.3194044
16079	receive	78	1545377446.3243914
16077	receive	78	1545377446.3243968
16077	fork	78
16079	fork	78
16069	receive	78	1545377446.3285134
16069	fork	78
16078	receive	78	1545377446.3357859
16079	send	97	1545377448.563742
16077	receive	97	1545377448.5654113
16077	fork	97
16079	receive	97	1545377448.5830476
16078	receive	97	1545377448.6556537
16078	fork	97
16069	receive	97	1545377448.6723905
16069	fork	97
16077	send	75	1545377448.9740858
16078	receive	75	1545377448.9790564
16078	fork	75
16079	receive	75	1545377448.983047
16079	fork	75
16077	receive	75	1545377448.9847453
16069	receive	75	1545377448.987046
16069	fork	75
16079	send	98	1545377449.0291686
16069	receive	98	1545377449.0310543
16078	receive	98	1545377449.0351362
16078	fork	98
16077	receive	98	1545377449.0457852
16077	fork	98
16069	fork	98
16079	receive	98	1545377449.0540674
16078	send	79	1545377451.1360755
16079	receive	79	1545377451.1373477
16077	receive	79	1545377451.1373484
16079	fork	79
16077	fork	79
16078	receive	79	1545377451.159048
16069	receive	79	1545377451.1713808
16069	fork	79
16069	send	200	1545377451.9361243
16079	receive	200	1545377451.9423232
16079	fork	200
16078	receive	200	1545377451.9425719
16078	fork	200
16069	receive	200	1545377451.9551458
16077	receive	200	1545377451.9592345
16077	fork	200
16077	send	76	1545377452.3592074
16078	receive	76	1545377452.3682783
16078	fork	76
16079	receive	76	1545377452.375047
16069	receive	76	1545377452.37505
16069	fork	76
16079	fork	76
16077	receive	76	1545377452.3870547
16078	send	80	1545377453.3308015
16069	receive	80	1545377453.3369646
16069	fork	80
16077	receive	80	1545377453.337142
16077	fork	80
16079	receive	80	1545377453.3415828
16079	fork	80
16078	receive	80	1545377453.3447006
16069	send	201	1545377453.577003
16079	receive	201	1545377453.5801616
16079	fork	201
16078	receive	201	1545377453.5846694
16078	fork	201
16069	receive	201	1545377453.5879142
16077	receive	201	1545377453.59125
16077	fork	201
16069	send	202	1545377454.4727166
16078	receive	202	1545377454.4843314
16077	receive	202	1545377454.4843292
16077	fork	202
16079	receive	202	1545377454.4881227
16079	fork	202
16078	fork	202
16069	receive	202	1545377454.495499
16077	send	77	1545377455.0060186
16069	receive	77	1545377455.0110493
16079	receive	77	1545377455.01105
16079	fork	77
16069	fork	77
16078	receive	77	1545377455.019046
16078	fork	77
16077	receive	77	1545377455.023051
16079	send	99	1545377456.8900487
16069	receive	99	1545377456.8910935
16078	receive	99	1545377456.8910983
16077	receive	99	1545377456.8910987
16077	fork	99
16078	fork	99
16069	fork	99
16079	receive	99	1545377456.8990548
16078	send	81	1545377457.4020393
16069	receive	81	1545377457.4033926
16079	receive	81	1545377457.4033937
16077	receive	81	1545377457.403445
16079	fork	81
16077	fork	81
16069	fork	81
16078	receive	81	1545377457.419052
16078	send	82	1545377458.5173392
16079	receive	82	1545377458.5334368
16079	fork	82
16077	receive	82	1545377458.5337896
16069	receive	82	1545377458.5335352
16069	fork	82
16077	fork	82
16078	receive	82	1545377458.536569
16079	send	100	1545377458.7500358
16069	receive	100	1545377458.7521303
16069	fork	100
16078	receive	100	1545377458.759055
16078	fork	100
16077	receive	100	1545377458.7630537
16077	fork	100
16079	receive	100	1545377458.768302
16077	send	78	1545377458.801865
16079	receive	78	1545377458.803623
16079	fork	78
16069	receive	78	1545377458.8100324
16069	fork	78
16077	receive	78	1545377458.8159268
16078	receive	78	1545377458.8190608
16078	fork	78
16079	send	101	1545377458.9860404
16077	receive	101	1545377458.987413
16077	fork	101
16078	receive	101	1545377458.995046
16078	fork	101
16079	receive	101	1545377459.0030472
16069	receive	101	1545377459.003584
16069	fork	101
16069	send	203	1545377459.392496
16077	send	79	1545377459.3925018
16079	receive	79	1545377459.3933678
16079	fork	79
16078	receive	79	1545377459.3950474
16078	fork	79
16078	receive	203	1545377459.395266
16078	fork	203
16069	receive	203	1545377459.4027429
16077	receive	79	1545377459.4110484
16077	receive	203	1545377459.4111984
16077	fork	203
16079	receive	203	1545377459.4294806
16079	fork	203
16069	receive	79	1545377459.453275
16069	fork	79
16079	send	102	1545377459.5181103
16078	receive	102	1545377459.5193017
16077	receive	102	1545377459.5193548
16077	fork	102
16079	receive	102	1545377459.5270734
16078	fork	102
16069	receive	102	1545377459.5363433
16069	fork	102
16079	send	103	1545377459.8180475
16078	receive	103	1545377459.8189886
16078	fork	103
16077	receive	103	1545377459.8315742
16077	fork	103
16079	receive	103	1545377459.8350515
16069	receive	103	1545377459.8492606
16069	fork	103
16079	send	104	1545377459.8531833
16078	receive	104	1545377459.8539817
16078	fork	104
16077	receive	104	1545377459.8610706
16077	fork	104
16079	receive	104	1545377459.865814
16069	receive	104	1545377459.927035
16069	fork	104
16079	send	105	1545377460.3500469
16077	receive	105	1545377460.3513083
16078	receive	105	1545377460.3550487
16078	fork	105
16069	receive	105	1545377460.359732
16079	receive	105	1545377460.3670547
16077	fork	105
16069	fork	105
16078	send	83	1545377461.377986
16079	receive	83	1545377461.378734
16079	fork	83
16077	receive	83	1545377461.3835146
16077	fork	83
16078	receive	83	1545377461.3953807
16069	receive	83	1545377461.3966742
16069	fork	83
16079	send	106	1545377462.5382762
16069	receive	106	1545377462.5421321
16069	fork	106
16078	receive	106	1545377462.5470924
16078	fork	106
16079	receive	106	1545377462.5527992
16077	receive	106	1545377462.55573
16077	fork	106
16077	send	80	1545377462.6794786
16079	receive	80	1545377462.6817946
16079	fork	80
16077	receive	80	1545377462.6894991
16078	receive	80	1545377462.7617397
16078	fork	80
16069	receive	80	1545377462.7716327
16069	fork	80
16077	send	81	1545377463.087826
16079	receive	81	1545377463.0896971
16079	fork	81
16078	receive	81	1545377463.091051
16078	fork	81
16069	receive	81	1545377463.0950475
16069	fork	81
16077	receive	81	1545377463.1150544
16078	send	84	1545377463.4620323
16077	receive	84	1545377463.462982
16079	receive	84	1545377463.463161
16069	receive	84	1545377463.4801872
16077	fork	84
16078	receive	84	1545377463.4801335
16079	fork	84
16069	fork	84
16078	send	85	1545377463.5756001
16079	receive	85	1545377463.5801911
16079	fork	85
16069	receive	85	1545377463.5817583
16069	fork	85
16078	receive	85	1545377463.5830722
16077	receive	85	1545377463.5855613
16077	fork	85
16078	send	86	1545377464.2432332
16077	receive	86	1545377464.2503178
16079	receive	86	1545377464.2503562
16079	fork	86
16077	fork	86
16078	receive	86	1545377464.2602952
16069	receive	86	1545377464.2830694
16069	fork	86
16077	send	82	1545377464.518047
16079	receive	82	1545377464.5230541
16079	fork	82
16077	receive	82	1545377464.528355
16069	receive	82	1545377464.5330532
16069	fork	82
16078	receive	82	1545377464.5336654
16078	fork	82
16079	send	107	1545377464.8860393
16069	receive	107	1545377464.8875136
16077	receive	107	1545377464.8875191
16078	receive	107	1545377464.8875697
16078	fork	107
16077	fork	107
16079	receive	107	1545377464.8979435
16069	fork	107
16079	send	108	1545377465.896578
16078	receive	108	1545377465.8980756
16078	fork	108
16069	receive	108	1545377465.8990216
16077	receive	108	1545377465.8990858
16077	fork	108
16069	fork	108
16079	receive	108	1545377465.9034445
16069	send	204	1545377466.3171163
16078	receive	204	1545377466.3310544
16078	fork	204
16077	receive	204	1545377466.3330007
16077	fork	204
16079	receive	204	1545377466.3390546
16079	fork	204
16069	receive	204	1545377466.3430479
16069	send	205	1545377467.1387923
16077	receive	205	1545377467.1825874
16077	fork	205
16079	receive	205	1545377467.18509
16079	fork	205
16069	receive	205	1545377467.196997
16078	receive	205	1545377467.2092516
16078	fork	205
16078	send	87	1545377467.5420272
16069	receive	87	1545377467.543536
16069	fork	87
16077	receive	87	1545377467.5470889
16077	fork	87
16079	receive	87	1545377467.5590477
16078	receive	87	1545377467.5590591
16079	fork	87
16078	send	88	1545377468.5663767
16079	receive	88	1545377468.567845
16079	fork	88
16069	receive	88	1545377468.571453
16077	receive	88	1545377468.5714633
16077	fork	88
16069	fork	88
16078	receive	88	1545377468.5911534
16069	send	206	1545377468.9185083
16069	receive	206	1545377468.9187548
16077	receive	206	1545377468.919607
16077	fork	206
16078	receive	206	1545377468.9350495
16078	fork	206
16079	receive	206	1545377468.9370537
16079	fork	206
16078	send	89	1545377468.9580274
16069	receive	89	1545377468.959286
16069	fork	89
16078	receive	89	1545377468.9750667
16079	receive	89	1545377469.0030534
16079	fork	89
16077	receive	89	1545377469.0073774
16077	fork	89
16078	send	90	1545377469.4300475
16069	receive	90	1545377469.4312842
16079	receive	90	1545377469.4313383
16069	fork	90
16079	fork	90
16077	receive	90	1545377469.4357228
16077	fork	90
16078	receive	90	1545377469.4470549
16077	send	83	1545377469.4700236
16078	receive	83	1545377469.4790435
16078	fork	83
16077	receive	83	1545377469.4897013
16069	receive	83	1545377469.5053205
16069	fork	83
16079	receive	83	1545377469.511172
16079	fork	83
16079	send	109	1545377469.6581025
16069	receive	109	1545377469.6594415
16077	receive	109	1545377469.6594472
16077	fork	109
16069	fork	109
16079	receive	109	1545377469.6750507
16078	receive	109	1545377469.6750507
16078	fork	109
16078	send	91	1545377469.749281
16077	receive	91	1545377469.7511086
16077	fork	91
16078	receive	91	1545377469.7594588
16079	receive	91	1545377469.7647712
16079	fork	91
16069	receive	91	1545377469.911323
16069	fork	91
16077	send	84	1545377470.711024
16079	receive	84	1545377470.7128024
16079	fork	84
16077	receive	84	1545377470.7224064
16078	send	92	1545377470.799023
16079	receive	92	1545377470.8010488
16079	fork	92
16077	receive	92	1545377470.8110895
16077	fork	92
16078	receive	92	1545377470.8172708
16078	receive	84	1545377470.8266919
16069	receive	84	1545377470.8275347
16069	fork	84
16078	fork	84
16069	receive	92	1545377470.90837
16069	fork	92
16069	send	207	1545377471.7522452
16077	receive	207	1545377471.765851
16077	fork	207
16079	receive	207	1545377471.770285
16079	fork	207
16069	receive	207	1545377471.7760851
16078	receive	207	1545377471.8520668
16078	fork	207
16069	send	208	1545377473.763008
16079	receive	208	1545377473.7638001
16079	fork	208
16077	receive	208	1545377473.7681782
16077	fork	208
16069	receive	208	1545377473.7790575
16078	receive	208	1545377473.8532236
16078	fork	208
16069	send	209	1545377473.93807
16079	receive	209	1545377473.9398468
16078	receive	209	1545377473.9398546
16077	receive	209	1545377473.9398534
16078	fork	209
16077	fork	209
16079	fork	209
16069	receive	209	1545377473.9550548
16079	send	110	1545377474.1710167
16078	receive	110	1545377474.1750548
16078	fork	110
16077	receive	110	1545377474.1760943
16077	fork	110
16069	receive	110	1545377474.1807237
16069	fork	110
16079	receive	110	1545377474.1870558
16069	send	210	1545377474.8466394
16079	receive	210	1545377474.848173
16077	receive	210	1545377474.8481755
16077	fork	210
16079	fork	210
16078	receive	210	1545377474.8528287
16078	fork	210
16069	receive	210	1545377474.8630502
16079	send	111	1545377476.238418
16077	receive	111	1545377476.2443805
16077	fork	111
16069	receive	111	1545377476.24702
16078	receive	111	1545377476.247227
16078	fork	111
16069	fork	111
16079	receive	111	1545377476.254463
16078	send	93	1545377477.018079
16079	receive	93	1545377477.0196664
16077	receive	93	1545377477.0196826
16077	fork	93
16079	fork	93
16069	receive	93	1545377477.0235908
16069	fork	93
16078	receive	93	1545377477.0289829
16069	send	211	1545377479.149001
16079	receive	211	1545377479.1504126
16079	fork	211
16078	receive	211	1545377479.1540637
16078	fork	211
16077	receive	211	1545377479.1593618
16077	fork	211
16069	receive	211	1545377479.1606047
16077	send	85	1545377479.390077
16079	receive	85	1545377479.391506
16079	fork	85
16069	receive	85	1545377479.3984957
16078	receive	85	1545377479.3990562
16069	fork	85
16078	fork	85
16077	receive	85	1545377479.4037812
16079	send	112	1545377479.9100578
16069	receive	112	1545377479.9112964
16077	receive	112	1545377479.9150553
16077	fork	112
16078	receive	112	1545377479.9190457
16078	fork	112
16069	fork	112
16079	receive	112	1545377479.9270473
16069	send	212	1545377481.9129505
16077	receive	212	1545377481.9139926
16077	fork	212
16078	receive	212	1545377481.9162424
16078	fork	212
16079	receive	212	1545377481.9190469
16079	fork	212
16069	receive	212	1545377481.9310505
16077	send	86	1545377483.8580475
16079	receive	86	1545377483.8710434
16079	fork	86
16077	receive	86	1545377483.8750503
16069	receive	86	1545377483.9127145
16069	fork	86
16078	receive	86	1545377483.9160595
16078	fork	86
16078	send	94	1545377484.2575917
16069	receive	94	1545377484.2590823
16069	fork	94
16079	receive	94	1545377484.2641385
16079	fork	94
16077	receive	94	1545377484.2692025
16077	fork	94
16078	receive	94	1545377484.2748408
16078	send	95	1545377484.2994704
16078	receive	95	1545377484.3050845
16077	receive	95	1545377484.332888
16077	fork	95
16079	receive	95	1545377484.3375971
16079	fork	95
16069	receive	95	1545377484.4500482
16069	fork	95
16079	send	113	1545377485.086011
16069	receive	113	1545377485.0870948
16077	receive	113	1545377485.087146
16077	fork	113
16069	fork	113
16078	receive	113	1545377485.0950491
16078	fork	113
16079	receive	113	1545377485.1030514
16079	send	114	1545377485.898018
16077	receive	114	1545377485.8992615
16077	fork	114
16079	receive	114	1545377485.9070516
16069	receive	114	1545377485.9126353
16069	fork	114
16078	receive	114	1545377485.915046
16078	fork	114
16079	send	115	1545377487.4620478
16078	receive	115	1545377487.4631498
16078	fork	115
16069	receive	115	1545377487.475045
16069	fork	115
16079	receive	115	1545377487.4790485
16077	receive	115	1545377487.479048
16077	fork	115
16069	send	213	1545377487.7060337
16077	receive	213	1545377487.707234
16077	fork	213
16079	receive	213	1545377487.7190473
16079	fork	213
16069	receive	213	1545377487.723052
16078	receive	213	1545377487.7246146
16078	fork	213
16077	send	87	1545377488.946032
16078	receive	87	1545377488.9517374
16078	fork	87
16069	receive	87	1545377488.955055
16069	fork	87
16079	receive	87	1545377488.9630485
16079	fork	87
16077	receive	87	1545377488.9670503
16069	send	214	1545377490.3565288
16077	receive	214	1545377490.3630478
16077	fork	214
16069	receive	214	1545377490.3710518
16079	receive	214	1545377490.3724313
16079	fork	214
16078	receive	214	1545377490.4470475
16078	fork	214
16078	send	96	1545377492.731469
16079	receive	96	1545377492.7325113
16077	receive	96	1545377492.732515
16077	fork	96
16069	receive	96	1545377492.7371595
16069	fork	96
16078	receive	96	1545377492.7470496
16079	fork	96
16079	send	116	1545377493.2565715
16078	receive	116	1545377493.2582953
16077	receive	116	1545377493.258296
16077	fork	116
16069	receive	116	1545377493.2590477
16069	fork	116
16079	receive	116	1545377493.2750475
16078	fork	116
16078	send	97	1545377495.3750782
16079	receive	97	1545377495.3759747
16079	fork	97
16078	receive	97	1545377495.3910468
16077	receive	97	1545377495.3910494
16077	fork	97
16069	receive	97	1545377495.4710479
16069	fork	97
16077	send	88	1545377495.6060505
16069	receive	88	1545377495.6074083
16069	fork	88
16078	receive	88	1545377495.6190476
16079	receive	88	1545377495.6190877
16078	fork	88
16079	fork	88
16077	receive	88	1545377495.6222076
16079	send	117	1545377495.9260426
16077	receive	117	1545377495.9270494
16077	fork	117
16079	receive	117	1545377495.9430487
16078	receive	117	1545377495.9704094
16078	fork	117
16069	receive	117	1545377495.9859798
16069	fork	117
16079	send	118	1545377496.9567835
16077	receive	118	1545377496.957816
16077	fork	118
16079	receive	118	1545377496.9710543
16069	receive	118	1545377496.9762502
16078	receive	118	1545377496.979053
16078	fork	118
16069	fork	118
16069	send	215	1545377497.4681613
16079	receive	215	1545377497.474615
16077	receive	215	1545377497.4746175
16077	fork	215
16079	fork	215
16078	receive	215	1545377497.479137
16069	receive	215	1545377497.4832935
16078	fork	215
16077	send	89	1545377497.529715
16079	receive	89	1545377497.5308218
16069	receive	89	1545377497.5455906
16069	fork	89
16079	fork	89
16077	receive	89	1545377497.5470498
16078	receive	89	1545377497.555056
16078	fork	89
end of measure
16077	send	90	1545377500.1430054
16077	receive	90	1545377500.1441078
16069	receive	90	1545377500.1472049
16069	fork	90
16078	receive	90	1545377500.1590557
16079	receive	90	1545377500.159082
16078	fork	90
16079	fork	90
16069	send	216	1545377502.2900167
16078	receive	216	1545377502.2917628
16078	fork	216
16079	receive	216	1545377502.2950442
16077	receive	216	1545377502.2950459
16077	fork	216
16079	fork	216
16069	receive	216	1545377502.311047
16079	send	119	1545377502.6340532
16069	receive	119	1545377502.6362662
16077	receive	119	1545377502.6362705
16077	fork	119
16069	fork	119
16078	receive	119	1545377502.6510534
16078	fork	119
16079	receive	119	1545377502.6569054
16077	send	91	1545377502.7380555
16069	receive	91	1545377502.7390726
16069	fork	91
16078	receive	91	1545377502.7430553
16078	fork	91
16079	receive	91	1545377502.7486572
16079	fork	91
16077	receive	91	1545377502.7550545
16077	send	92	1545377503.92601
16077	receive	92	1545377503.9430482
16079	receive	92	1545377503.9470565
16079	fork	92
16069	receive	92	1545377504.014344
16069	fork	92
16078	receive	92	1545377504.0230484
16078	fork	92
