18633	send	0	1545379060.8965428
18633	receive	0	1545379060.8968358
18656	send	1	1545379064.4779687
18654	receive	1	1545379064.4798322
18655	receive	1	1545379064.4798322
18655	send	1	1545379064.4799876
18654	receive	1	1545379064.4807813
18654	fork	1
18633	receive	1	1545379064.487054
18633	receive	1	1545379064.4873524
18633	fork	1
18655	fork	1
18656	receive	1	1545379064.495053
18655	receive	1	1545379064.4951272
18656	receive	1	1545379064.4951735
18656	fork	1
18655	send	2	1545379088.0960865
18654	receive	2	1545379088.097703
18654	fork	2
18656	receive	2	1545379088.1017618
18656	fork	2
18633	receive	2	1545379088.1030514
18633	fork	2
18655	receive	2	1545379088.1190507
18633	send	2	1545379093.854101
18656	receive	2	1545379093.8556201
18655	receive	2	1545379093.8590539
18655	fork	2
18633	receive	2	1545379093.8710456
18654	receive	2	1545379093.8710454
18656	send	3	1545379112.1588483
18655	receive	3	1545379112.1601746
18655	fork	3
18654	receive	3	1545379112.1710455
18633	receive	3	1545379112.1710477
18656	receive	3	1545379112.1750498
18654	send	4	1545379123.7700312
18655	receive	4	1545379123.77119
18655	fork	4
18633	receive	4	1545379123.775049
18656	receive	4	1545379123.7870572
18654	receive	4	1545379123.7910624
18654	send	5	1545379124.886682
18655	receive	5	1545379124.892398
18655	fork	5
18656	receive	5	1545379124.8985186
18633	receive	5	1545379124.8990562
18654	receive	5	1545379124.9030552
18633	send	6	1545379127.296539
18655	receive	6	1545379127.3189883
18655	fork	6
18654	receive	6	1545379127.3230498
18656	receive	6	1545379127.329559
18633	receive	6	1545379127.3350494
18655	send	3	1545379142.9700303
18656	receive	3	1545379142.9711647
18656	fork	3
18654	receive	3	1545379142.9830444
18654	fork	3
18655	receive	3	1545379142.9870455
18633	receive	3	1545379142.98705
18633	fork	3
18656	send	7	1545379163.9604738
18633	receive	7	1545379163.9709096
18654	receive	7	1545379163.9709127
18655	receive	7	1545379163.9790492
18655	fork	7
18656	receive	7	1545379163.9870515
18633	send	8	1545379188.4903998
18654	receive	8	1545379188.4925213
18655	receive	8	1545379188.5030441
18655	fork	8
18633	receive	8	1545379188.5070488
18656	receive	8	1545379188.507054
18633	send	9	1545379194.6700456
18655	receive	9	1545379194.675046
18655	fork	9
18654	receive	9	1545379194.6790442
18656	receive	9	1545379194.6830492
18633	receive	9	1545379194.6910484
18633	send	10	1545379205.1267774
18655	receive	10	1545379205.128241
18654	receive	10	1545379205.1310568
18656	receive	10	1545379205.13905
18655	fork	10
18633	receive	10	1545379205.1430593
18656	send	11	1545379239.966032
18633	receive	11	1545379239.9677923
18655	receive	11	1545379239.9678004
18655	fork	11
18654	receive	11	1545379239.9830487
18656	receive	11	1545379239.9830573
start to measure
18633	send	12	1545379276.8300111
18656	receive	12	1545379276.8326623
18633	receive	12	1545379276.846187
18654	receive	12	1545379278.9359715
18656	send	13	1545379282.3825154
18656	receive	13	1545379282.3990526
18655	receive	12	1545379283.5670495
18655	fork	12
18633	receive	13	1545379306.365489
18654	receive	13	1545379307.160864
18655	send	4	1545379315.617205
18656	receive	4	1545379315.6348934
18656	fork	4
18655	receive	4	1545379315.649121
18655	receive	13	1545379316.4110456
18655	fork	13
18633	receive	4	1545379318.075059
18633	fork	4
18654	receive	4	1545379318.7068338
18654	fork	4
18633	send	14	1545379343.8394232
18633	receive	14	1545379343.8470573
18656	receive	14	1545379343.8510485
18654	receive	14	1545379347.915044
18655	receive	14	1545379360.3110464
18655	fork	14
18656	send	15	1545379365.031585
18656	receive	15	1545379365.039052
18655	send	5	1545379399.1404173
18656	receive	5	1545379399.1412804
18656	fork	5
18655	receive	5	1545379399.159046
18654	send	15	1545379400.5300453
18656	receive	15	1545379400.543046
18656	fork	15
18654	receive	15	1545379400.5510476
18633	receive	5	1545379402.7950482
18633	fork	5
18654	receive	5	1545379403.2510474
18654	fork	5
18633	send	15	1545379403.8355892
18633	receive	15	1545379403.8453753
18656	receive	15	1545379403.8511631
18656	fork	15
18633	receive	15	1545379404.8230436
18633	fork	15
18654	receive	15	1545379408.7110445
18654	fork	15
18655	receive	15	1545379420.078357
18655	fork	15
18654	send	16	1545379421.2756457
18654	receive	16	1545379421.2854376
18656	receive	16	1545379421.2911065
18656	fork	16
18655	receive	15	1545379425.1790454
18655	fork	15
18633	receive	16	1545379426.8606918
18633	fork	16
18633	send	16	1545379427.5020833
18656	receive	16	1545379427.507051
18656	fork	16
18633	receive	16	1545379427.5110567
18654	receive	16	1545379433.135049
18654	fork	16
18655	send	6	1545379441.7801695
18656	receive	6	1545379441.7909627
18655	receive	6	1545379441.8030515
18656	fork	6
18655	receive	16	1545379445.6750433
18655	fork	16
18633	receive	6	1545379447.9502912
18633	fork	6
18654	receive	6	1545379448.0719628
18654	fork	6
18655	receive	16	1545379452.3190432
18655	fork	16
end of measure
18633	receive	15	1545379464.075896
18633	fork	15
18654	receive	15	1545379464.1975627
18654	fork	15
18655	send	7	1545379475.2980247
18656	receive	7	1545379475.2995653
18656	fork	7
18655	receive	7	1545379475.3150482
18633	receive	7	1545379482.6262903
18633	fork	7
18654	receive	7	1545379482.699072
18654	fork	7
18655	receive	15	1545379483.5150425
18655	fork	15
18655	send	8	1545379486.0471315
18656	receive	8	1545379486.0590508
18656	fork	8
18655	receive	8	1545379486.0630007
18656	send	16	1545379487.6140456
18656	receive	16	1545379487.631047
18633	receive	8	1545379494.0118916
18633	fork	8
18654	receive	8	1545379494.0791664
18654	fork	8
18633	send	17	1545379496.700394
18656	receive	17	1545379496.7310483
18656	fork	17
18633	receive	17	1545379496.7390509
18656	send	17	1545379498.1820207
18656	receive	17	1545379498.1910515
18654	receive	17	1545379505.4639544
18654	fork	17
18656	send	18	1545379506.3500202
18656	receive	18	1545379506.3670478
18656	send	19	1545379517.4140244
18656	receive	19	1545379517.435047
18655	receive	17	1545379524.923047
18655	fork	17
18654	send	17	1545379526.1700728
18656	receive	17	1545379526.1720576
18656	fork	17
18654	receive	17	1545379526.1859274
18633	receive	17	1545379535.3990905
18633	fork	17
