315	send	0	1545496076.0079226
315	receive	0	1545496076.008204
start to measure
315	send	1	1545496084.178014
315	receive	1	1545496084.1786742
325	receive	1	1545496084.1928725
326A	receive	1	1545496084.1938055
326	send	2	1545496112.1160915
326A	receive	2	1545496112.1162992
315	receive	2	1545496112.1274981
325	receive	2	1545496112.1287453
325	send	3	1545496112.4547384
325	receive	3	1545496112.4549572
315	receive	3	1545496112.4636064
326A	receive	3	1545496112.4674048
315	send	4	1545496116.8560688
315	receive	4	1545496116.8562744
325	receive	4	1545496116.8703609
326A	receive	4	1545496116.8722823
315	send	5	1545496123.0922792
315	receive	5	1545496123.093214
326A	receive	5	1545496123.104946
325	receive	5	1545496123.1005101
315	send	6	1545496135.0597773
315	receive	6	1545496135.059965
325	receive	6	1545496135.0727687
326A	receive	6	1545496135.0744727
315	send	7	1545496136.2170463
315	receive	7	1545496136.2183259
325	receive	7	1545496136.232318
326A	receive	7	1545496136.229499
315	send	8	1545496147.4153326
315	receive	8	1545496147.4155335
325	receive	8	1545496147.4276073
326A	receive	8	1545496147.4301305
315	send	9	1545496163.6393266
315	receive	9	1545496163.639512
326A	receive	9	1545496163.653892
325	receive	9	1545496163.6510808
325	send	10	1545496169.3691533
325	receive	10	1545496169.3693643
326A	receive	10	1545496169.380708
315	receive	10	1545496169.3806553
325	send	11	1545496169.7332153
325	receive	11	1545496169.7340252
326A	receive	11	1545496169.745993
315	receive	11	1545496169.745491
315	send	12	1545496178.8624399
315	receive	12	1545496178.8626065
326A	receive	12	1545496178.8632379
325	receive	12	1545496178.8763754
325	send	13	1545496180.5385325
325	receive	13	1545496180.5387282
326A	receive	13	1545496180.5509622
315	receive	13	1545496180.5520244
315	send	14	1545496182.7743318
315	receive	14	1545496182.7745254
325	receive	14	1545496182.7876844
326A	receive	14	1545496182.7885735
326	send	15	1545496198.3949475
326A	receive	15	1545496198.41141
325	receive	15	1545496198.4084828
315	receive	15	1545496198.4097445
315	send	16	1545496202.7360315
326A	receive	16	1545496202.7369986
325	receive	16	1545496202.747103
315	receive	16	1545496202.7521918
325	send	17	1545496213.7945907
325	receive	17	1545496213.7954476
326A	receive	17	1545496213.806758
315	receive	17	1545496213.81142
326	send	18	1545496219.6549726
326A	receive	18	1545496219.6557875
325	receive	18	1545496219.6680954
315	receive	18	1545496219.6675782
326	send	19	1545496228.0503502
326A	receive	19	1545496228.0511854
315	receive	19	1545496228.058215
325	receive	19	1545496228.0632877
326	send	20	1545496228.8730593
326A	receive	20	1545496228.873233
325	receive	20	1545496228.886157
315	receive	20	1545496228.8871012
326	send	21	1545496238.7461905
326A	receive	21	1545496238.746933
315	receive	21	1545496238.7606614
325	receive	21	1545496238.7579575
326	send	22	1545496240.5798016
326A	receive	22	1545496240.5807607
315	receive	22	1545496240.5919864
325	receive	22	1545496240.593878
325	send	23	1545496241.273054
325	receive	23	1545496241.2732646
315	receive	23	1545496241.2843866
326A	receive	23	1545496241.2793212
315	send	24	1545496243.4170806
315	receive	24	1545496243.4172688
325	receive	24	1545496243.4320781
326A	receive	24	1545496243.4287047
325	send	25	1545496245.8561332
325	receive	25	1545496245.8563373
315	receive	25	1545496245.869438
326A	receive	25	1545496245.8687367
326	send	26	1545496246.4218442
326A	receive	26	1545496246.4220297
315	receive	26	1545496246.433878
325	receive	26	1545496246.4373755
325	send	27	1545496246.6803172
325	receive	27	1545496246.6805208
315	receive	27	1545496246.6934695
326A	receive	27	1545496246.6926904
325	send	28	1545496247.4700723
325	receive	28	1545496247.470269
326A	receive	28	1545496247.4813576
315	receive	28	1545496247.4821942
325	send	29	1545496251.0611942
325	receive	29	1545496251.0615778
326A	receive	29	1545496251.0694673
315	receive	29	1545496251.0745463
326	send	30	1545496252.1719685
326A	receive	30	1545496252.1721678
315	receive	30	1545496252.1836174
325	receive	30	1545496252.186449
326	send	31	1545496254.9566686
326A	receive	31	1545496254.9579926
325	receive	31	1545496254.9697287
315	receive	31	1545496254.9661043
325	send	32	1545496256.3726337
325	receive	32	1545496256.3734841
315	receive	32	1545496256.3866534
326A	receive	32	1545496256.3876243
326	send	33	1545496262.2182431
326A	receive	33	1545496262.2184231
315	receive	33	1545496262.2308712
325	receive	33	1545496262.2308753
315	send	34	1545496264.7512085
326A	receive	34	1545496264.7626123
325	receive	34	1545496264.7648466
315	receive	34	1545496264.767759
end of measure
