11077	send	0	1545740285.858306
11077	receive	0	1545740285.8585737
11109	send	1	1545740287.7066228
11108	receive	1	1545740287.71073
11077	receive	1	1545740287.7107272
11109	receive	1	1545740287.7227297
11110	receive	1	1545740287.7227302
start to measure
11109	send	2	1545740311.2695444
11110	receive	2	1545740311.2719104
11108	receive	2	1545740311.284119
11109	receive	2	1545740311.2844243
11077	receive	2	1545740311.2827904
11108	send	3	1545740333.1177812
11110	receive	3	1545740333.1229558
11109	receive	3	1545740333.12347
11077	receive	3	1545740333.1307843
11108	receive	3	1545740333.1361048
11110	send	4	1545740344.3375185
11108	receive	4	1545740344.3411922
11077	receive	4	1545740344.34119
11109	receive	4	1545740344.3423035
11110	receive	4	1545740344.3502915
11110	send	5	1545740346.9094107
11108	receive	5	1545740346.9112253
11077	receive	5	1545740346.9112196
11110	receive	5	1545740346.922248
11109	receive	5	1545740346.92672
11077	send	6	1545740391.130301
11110	receive	6	1545740391.1327195
11109	receive	6	1545740391.1378365
11108	receive	6	1545740391.1400054
11077	receive	6	1545740391.1441867
half end of measure
11110	send	7	1545740409.569728
11077	receive	7	1545740409.5710425
11109	receive	7	1545740409.5710504
11110	receive	7	1545740409.582726
11108	receive	7	1545740409.5867198
11077	send	8	1545740424.3144605
11110	receive	8	1545740424.316099
11109	receive	8	1545740424.3161054
11108	receive	8	1545740424.3212082
11077	receive	8	1545740424.331783
11077	send	9	1545740452.4064457
11109	receive	9	1545740452.4109027
11108	receive	9	1545740452.4109027
11110	receive	9	1545740452.4135988
11077	receive	9	1545740452.4198163
11109	send	10	1545740465.2617164
11110	receive	10	1545740465.263714
11108	receive	10	1545740465.2715085
11109	receive	10	1545740465.2787228
11077	receive	10	1545740465.2827256
11108	send	11	1545740471.2905195
11109	receive	11	1545740471.2933815
11077	receive	11	1545740471.2970922
11110	receive	11	1545740471.3027952
11108	receive	11	1545740471.311906
11110	send	12	1545740480.9785
11109	receive	12	1545740480.9806516
11077	receive	12	1545740480.9806433
11108	receive	12	1545740480.9819574
11110	receive	12	1545740480.9947832
11077	send	13	1545740485.9297779
11109	receive	13	1545740485.9320254
11110	receive	13	1545740485.932015
11108	receive	13	1545740485.9468558
11077	receive	13	1545740485.9477053
11109	send	14	1545740487.2546282
11110	receive	14	1545740487.2588353
11077	receive	14	1545740487.267324
11109	receive	14	1545740487.2747426
11108	receive	14	1545740487.274732
end of measure
11108	send	15	1545740500.3217106
11077	receive	15	1545740500.326718
11110	receive	15	1545740500.330723
11109	receive	15	1545740500.3307197
11108	receive	15	1545740500.3387272
start to measure
11110	send	16	1545740518.973777
11108	receive	16	1545740518.9787288
11077	receive	16	1545740518.9867275
11109	receive	16	1545740518.9890058
11110	receive	16	1545740518.9907234
11109	send	17	1545740519.9097242
11077	receive	17	1545740519.9113925
11110	receive	17	1545740519.9114623
11108	receive	17	1545740519.9187205
11109	receive	17	1545740519.9252987
11077	send	18	1545740542.1417096
11110	receive	18	1545740542.1431117
11109	receive	18	1545740542.1431642
11108	receive	18	1545740542.1467216
11077	receive	18	1545740542.1588416
11108	send	19	1545740550.030872
11077	receive	19	1545740550.032064
11108	receive	19	1545740550.0391905
11109	receive	19	1545740550.0426946
11110	receive	19	1545740550.04551
11110	send	20	1545740571.1031163
11109	receive	20	1545740571.108199
11108	receive	20	1545740571.1107728
11077	receive	20	1545740571.117703
11110	receive	20	1545740571.1183126
11109	send	21	1545740588.6518261
11108	receive	21	1545740588.6539178
11077	receive	21	1545740588.6547222
11110	receive	21	1545740588.6667898
11109	receive	21	1545740588.6707244
11108	send	22	1545740606.460232
11110	receive	22	1545740606.4663374
11077	receive	22	1545740606.4663353
11109	receive	22	1545740606.4770658
11108	receive	22	1545740606.4795203
half end of measure
11108	send	23	1545740638.9086008
11109	receive	23	1545740638.9230976
11077	receive	23	1545740638.9318013
11108	receive	23	1545740638.9387228
11110	receive	23	1545740638.9467173
11077	send	24	1545740639.156192
11108	receive	24	1545740639.178815
11109	receive	24	1545740639.1827202
11077	receive	24	1545740639.1907232
11110	receive	24	1545740639.190719
11108	send	25	1545740642.9455485
11109	receive	25	1545740642.9536843
11077	receive	25	1545740642.9537575
11110	receive	25	1545740642.958799
11108	receive	25	1545740642.9593256
11077	send	26	1545740660.406228
11109	receive	26	1545740660.408345
11110	receive	26	1545740660.4147282
11077	receive	26	1545740660.4193509
11108	receive	26	1545740660.4083433
11108	send	27	1545740673.7304888
11109	receive	27	1545740673.732397
11110	receive	27	1545740673.7323902
11108	receive	27	1545740673.744701
11077	receive	27	1545740673.7467153
11077	send	28	1545740696.1817737
11109	receive	28	1545740696.186722
11110	receive	28	1545740696.1867225
11077	receive	28	1545740696.1924481
11108	receive	28	1545740696.1987202
end of measure
11108	send	29	1545740708.517092
11108	receive	29	1545740708.51743
11077	receive	29	1545740708.5189312
11110	receive	29	1545740708.521303
11109	receive	29	1545740708.5213196
11108	send	30	1545740713.533707
11109	receive	30	1545740713.5387228
11077	receive	30	1545740713.5467212
11110	receive	30	1545740713.550721
11108	receive	30	1545740713.554419
start to measure
11077	send	31	1545740718.4860969
11109	receive	31	1545740718.494312
11108	receive	31	1545740718.502736
11110	receive	31	1545740718.5027301
11077	receive	31	1545740718.503146
11109	send	32	1545740724.8497162
11108	receive	32	1545740724.8520787
11110	receive	32	1545740724.8520737
11077	receive	32	1545740724.8627198
11109	receive	32	1545740724.8667226
11108	send	33	1545740726.2922614
11077	receive	33	1545740726.2982712
11109	receive	33	1545740726.2982786
11108	receive	33	1545740726.3067243
11110	receive	33	1545740726.314721
11077	send	34	1545740731.489713
11110	receive	34	1545740731.4913886
11108	receive	34	1545740731.491447
11109	receive	34	1545740731.4947853
11077	receive	34	1545740731.5067186
11077	send	35	1545740733.499735
11109	receive	35	1545740733.502042
11108	receive	35	1545740733.502042
11110	receive	35	1545740733.5147164
11077	receive	35	1545740733.5267277
11109	send	36	1545740755.3776963
11110	receive	36	1545740755.3867226
11109	receive	36	1545740755.3947244
11077	receive	36	1545740755.3947163
11108	receive	36	1545740755.39472
11077	send	37	1545740766.1577678
11108	receive	37	1545740766.1591394
11110	receive	37	1545740766.1591885
11077	receive	37	1545740766.1747212
11109	receive	37	1545740766.1747172
11109	send	38	1545740780.8577793
11108	receive	38	1545740780.8591964
11077	receive	38	1545740780.8601055
11109	receive	38	1545740780.8747191
11110	receive	38	1545740780.874719
11110	send	39	1545740814.9647708
11109	receive	39	1545740814.970845
11110	receive	39	1545740814.9739642
11077	receive	39	1545740814.9827268
11108	receive	39	1545740814.9835317
half end of measure
11109	send	40	1545740854.0737278
11077	receive	40	1545740854.0762725
11110	receive	40	1545740854.0787272
11108	receive	40	1545740854.0867512
11109	receive	40	1545740854.0926743
11109	send	41	1545740866.1346753
11077	receive	41	1545740866.1362545
11110	receive	41	1545740866.1362576
11109	receive	41	1545740866.1508632
11108	receive	41	1545740866.1507993
11108	send	42	1545740873.9457226
11110	receive	42	1545740873.9507272
11109	receive	42	1545740873.9507275
11108	receive	42	1545740873.9564168
11077	receive	42	1545740873.9625719
11108	send	43	1545740874.333709
11109	receive	43	1545740874.335165
11110	receive	43	1545740874.349013
11108	receive	43	1545740874.3498101
11077	receive	43	1545740874.3507192
11110	send	44	1545740876.3139653
11077	receive	44	1545740876.3155036
11109	receive	44	1545740876.3155117
11108	receive	44	1545740876.315506
11110	receive	44	1545740876.3347287
11109	send	45	1545740881.1418486
11077	receive	45	1545740881.1449616
11110	receive	45	1545740881.1524332
11109	receive	45	1545740881.162677
11108	receive	45	1545740881.163052
11109	send	46	1545740883.9714768
11110	receive	46	1545740883.9726424
11077	receive	46	1545740883.9765594
11108	receive	46	1545740883.9787264
11109	receive	46	1545740883.9867241
11108	send	47	1545740893.7857168
11110	receive	47	1545740893.7871544
11109	receive	47	1545740893.7907224
11077	receive	47	1545740893.7947235
11108	receive	47	1545740893.8001482
11110	send	48	1545740896.937743
11077	receive	48	1545740896.9395013
11108	receive	48	1545740896.9395094
11109	receive	48	1545740896.9427319
11110	receive	48	1545740896.9547238
11110	send	49	1545740904.8790786
11109	receive	49	1545740904.8827338
11077	receive	49	1545740904.887462
11110	receive	49	1545740904.8907235
11108	receive	49	1545740904.9067416
11110	send	50	1545740914.853765
11077	receive	50	1545740914.8554394
11109	receive	50	1545740914.859518
11110	receive	50	1545740914.8651726
11108	receive	50	1545740914.87072
end of measure
11108	send	51	1545740918.2817082
11109	receive	51	1545740918.2885313
11077	receive	51	1545740918.2947233
11108	receive	51	1545740918.299938
11110	receive	51	1545740918.3027186
start to measure
11108	send	52	1545740947.2038648
11077	receive	52	1545740947.2131515
11108	receive	52	1545740947.2146947
11109	receive	52	1545740947.2147195
11110	receive	52	1545740947.2181988
11110	send	53	1545740963.4594421
11108	receive	53	1545740963.4605298
11109	receive	53	1545740963.4605694
11077	receive	53	1545740963.4627242
11110	receive	53	1545740963.4682343
11110	send	54	1545740980.552463
11077	receive	54	1545740980.557134
11109	receive	54	1545740980.561605
11108	receive	54	1545740980.5627263
11110	receive	54	1545740980.569463
11108	send	55	1545740980.6264262
11109	receive	55	1545740980.6307225
11110	receive	55	1545740980.6307259
11108	receive	55	1545740980.6359575
11077	receive	55	1545740980.6427195
11077	send	56	1545741001.0032723
11108	receive	56	1545741001.0053225
11110	receive	56	1545741001.015834
11077	receive	56	1545741001.018331
11109	receive	56	1545741001.0187542
11110	send	57	1545741002.5452504
11109	receive	57	1545741002.5465045
11077	receive	57	1545741002.5477278
11110	receive	57	1545741002.5588145
11108	receive	57	1545741002.5636504
11077	send	58	1545741004.8679368
11110	receive	58	1545741004.8699522
11109	receive	58	1545741004.8699622
11108	receive	58	1545741004.8699582
11077	receive	58	1545741004.8867185
11108	send	59	1545741005.8937013
11110	receive	59	1545741005.8954344
11109	receive	59	1545741005.902725
11108	receive	59	1545741005.9107227
11077	receive	59	1545741005.9107246
11109	send	60	1545741022.0560067
11077	receive	60	1545741022.076804
11110	receive	60	1545741022.0787628
11109	receive	60	1545741022.0828173
11108	receive	60	1545741022.08864
half end of measure
11109	send	61	1545741031.894736
11077	receive	61	1545741031.9008002
11108	receive	61	1545741031.9008453
11110	receive	61	1545741031.910725
11109	receive	61	1545741031.9187226
11077	send	62	1545741033.318655
11109	receive	62	1545741033.3207917
11108	receive	62	1545741033.3227248
11110	receive	62	1545741033.3267174
11077	receive	62	1545741033.33472
11077	send	63	1545741033.614073
11109	receive	63	1545741033.6148489
11110	receive	63	1545741033.6148417
11077	receive	63	1545741033.6148858
11108	receive	63	1545741033.6227198
11110	send	64	1545741037.1559715
11077	receive	64	1545741037.166946
11108	receive	64	1545741037.1747627
11109	receive	64	1545741037.17541
11110	receive	64	1545741037.176142
11109	send	65	1545741041.0817778
11108	receive	65	1545741041.086724
11077	receive	65	1545741041.090755
11109	receive	65	1545741041.095797
11110	receive	65	1545741041.0980122
11109	send	66	1545741060.0791252
11077	receive	66	1545741060.0806694
11108	receive	66	1545741060.0867374
11110	receive	66	1545741060.0920196
11109	receive	66	1545741060.0950365
11109	send	67	1545741069.292338
11077	receive	67	1545741069.2941775
11108	receive	67	1545741069.2942297
11109	receive	67	1545741069.3074527
11110	receive	67	1545741069.3107197
11077	send	68	1545741086.709476
11110	receive	68	1545741086.7148926
11109	receive	68	1545741086.7187207
11108	receive	68	1545741086.7227244
11077	receive	68	1545741086.726717
11108	send	69	1545741091.8958733
11109	receive	69	1545741091.8981178
11110	receive	69	1545741091.8981133
11108	receive	69	1545741091.910724
11077	receive	69	1545741091.910723
11110	send	70	1545741092.5020363
11109	receive	70	1545741092.5061526
11108	receive	70	1545741092.5109186
11077	receive	70	1545741092.5131607
11110	receive	70	1545741092.5307925
11110	send	71	1545741111.217273
11109	receive	71	1545741111.2225938
11108	receive	71	1545741111.2227297
11077	receive	71	1545741111.2307336
11110	receive	71	1545741111.2347357
11110	send	72	1545741111.8452756
11077	receive	72	1545741111.8469586
11108	receive	72	1545741111.847016
11109	receive	72	1545741111.8513057
11110	receive	72	1545741111.8627222
11109	send	73	1545741126.0794985
11110	receive	73	1545741126.0827365
11109	receive	73	1545741126.0907197
11108	receive	73	1545741126.0947204
11077	receive	73	1545741126.0987225
end of measure
start to measure
11108	send	74	1545741148.0552247
11110	receive	74	1545741148.0601125
11077	receive	74	1545741148.0616715
11108	receive	74	1545741148.062349
11109	receive	74	1545741148.06503
11077	send	75	1545741151.7417166
11110	receive	75	1545741151.7437153
11109	receive	75	1545741151.7437258
11108	receive	75	1545741151.7437246
11077	receive	75	1545741151.7587223
11108	send	76	1545741154.3577223
11110	receive	76	1545741154.3627813
11077	receive	76	1545741154.367833
11109	receive	76	1545741154.3747206
11108	receive	76	1545741154.3790202
11108	send	77	1545741174.0755615
11109	receive	77	1545741174.087104
11077	receive	77	1545741174.0907352
11110	receive	77	1545741174.1052446
11108	receive	77	1545741174.1068094
11110	send	78	1545741180.4617844
11109	receive	78	1545741180.4633937
11108	receive	78	1545741180.4633918
11077	receive	78	1545741180.4667284
11110	receive	78	1545741180.4707325
11077	send	79	1545741208.8275995
11109	receive	79	1545741208.8348346
11110	receive	79	1545741208.838822
11108	receive	79	1545741208.844176
11077	receive	79	1545741208.8478014
11077	send	80	1545741223.0610824
11077	receive	80	1545741223.063004
11109	receive	80	1545741223.066169
11108	receive	80	1545741223.0666
11110	receive	80	1545741223.0798945
11109	send	81	1545741226.4177234
11110	receive	81	1545741226.4198434
11108	receive	81	1545741226.4198494
11077	receive	81	1545741226.4198427
11109	receive	81	1545741226.4386947
half end of measure
11077	send	82	1545741237.7769058
11110	receive	82	1545741237.789283
11109	receive	82	1545741237.7896616
11077	receive	82	1545741237.7987611
11108	receive	82	1545741237.8012815
11110	send	83	1545741240.8217313
11109	receive	83	1545741240.82408
11077	receive	83	1545741240.8296778
11110	receive	83	1545741240.8407807
11108	receive	83	1545741240.8427374
11077	send	84	1545741241.5404396
11110	receive	84	1545741241.5439575
11109	receive	84	1545741241.5439687
11108	receive	84	1545741241.544743
11077	receive	84	1545741241.5496838
11110	send	85	1545741252.0889022
11109	receive	85	1545741252.091815
11108	receive	85	1545741252.0925496
11110	receive	85	1545741252.0992963
11077	receive	85	1545741252.110905
11077	send	86	1545741259.965418
11109	receive	86	1545741259.9792352
11108	receive	86	1545741259.9791782
11110	receive	86	1545741259.9876392
11077	receive	86	1545741259.9887533
11077	send	87	1545741279.931011
11110	receive	87	1545741279.9326613
11109	receive	87	1545741279.9377747
11077	receive	87	1545741279.9387412
11108	receive	87	1545741279.9422162
11110	send	88	1545741281.5977013
11109	receive	88	1545741281.5988793
11108	receive	88	1545741281.598878
11077	receive	88	1545741281.6057892
11110	receive	88	1545741281.621779
11077	send	89	1545741285.995855
11108	receive	89	1545741285.997584
11077	receive	89	1545741286.007759
11110	receive	89	1545741286.00918
11109	receive	89	1545741285.9975872
11110	send	90	1545741292.361841
11108	receive	90	1545741292.3667426
11077	receive	90	1545741292.37412
11109	receive	90	1545741292.3786352
11110	receive	90	1545741292.3793674
11109	send	91	1545741297.4278603
11110	receive	91	1545741297.4342227
11077	receive	91	1545741297.434725
11109	receive	91	1545741297.442725
11108	receive	91	1545741297.4507337
11108	send	92	1545741310.301123
11110	receive	92	1545741310.318726
11077	receive	92	1545741310.3227222
11108	receive	92	1545741310.3307254
11109	receive	92	1545741310.3307257
11109	send	93	1545741314.3977385
11077	receive	93	1545741314.3998601
11108	receive	93	1545741314.402841
11110	receive	93	1545741314.4107165
11109	receive	93	1545741314.4147224
11110	send	94	1545741315.5681305
11109	receive	94	1545741315.5788448
11108	receive	94	1545741315.5788448
11077	receive	94	1545741315.5867229
11110	receive	94	1545741315.59073
11108	send	95	1545741317.4465337
11110	receive	95	1545741317.4627259
11109	receive	95	1545741317.4680414
11077	receive	95	1545741317.4707847
11108	receive	95	1545741317.4714715
11109	send	96	1545741325.5526316
11077	receive	96	1545741325.5667205
11110	receive	96	1545741325.5747285
11108	receive	96	1545741325.5787227
11109	receive	96	1545741325.5867198
end of measure
start to measure
11110	send	97	1545741348.5662572
11108	receive	97	1545741348.5677402
11109	receive	97	1545741348.5677414
11077	receive	97	1545741348.5707273
11110	receive	97	1545741348.582722
11108	send	98	1545741367.9017303
11110	receive	98	1545741367.9032617
11077	receive	98	1545741367.9052231
11109	receive	98	1545741367.9107482
11108	receive	98	1545741367.9187453
11077	send	99	1545741387.9937837
11110	receive	99	1545741387.9956596
11109	receive	99	1545741388.0027246
11077	receive	99	1545741388.0094123
11108	receive	99	1545741388.0107214
11110	send	100	1545741390.8921273
11108	receive	100	1545741390.8940213
11077	receive	100	1545741390.9067156
11110	receive	100	1545741390.9107225
11109	receive	100	1545741390.910721
11110	send	101	1545741396.4041088
11109	receive	101	1545741396.4056098
11077	receive	101	1545741396.405604
11108	receive	101	1545741396.4056077
11110	receive	101	1545741396.4187274
11077	send	102	1545741397.981714
11110	receive	102	1545741397.9835415
11108	receive	102	1545741397.9835484
11109	receive	102	1545741397.9899664
11077	receive	102	1545741397.9987223
11109	send	103	1545741401.8126369
11108	receive	103	1545741401.8143702
11110	receive	103	1545741401.8149624
11077	receive	103	1545741401.818719
11109	receive	103	1545741401.8267329
11109	send	104	1545741442.2981899
11077	receive	104	1545741442.3003078
11110	receive	104	1545741442.3003078
11108	receive	104	1545741442.3078122
11109	receive	104	1545741442.318733
11109	send	105	1545741443.8537056
11110	receive	105	1545741443.855855
11109	receive	105	1545741443.87072
11108	receive	105	1545741443.8707206
11077	receive	105	1545741443.8707187
11108	send	106	1545741445.0737274
11077	receive	106	1545741445.0758338
11109	receive	106	1545741445.0758429
11110	receive	106	1545741445.0787215
11108	receive	106	1545741445.09072
half end of measure
11110	send	107	1545741468.71776
11109	receive	107	1545741468.72176
11077	receive	107	1545741468.725946
11108	receive	107	1545741468.7307904
11110	receive	107	1545741468.738626
11108	send	108	1545741474.6374016
11077	receive	108	1545741474.6395633
11110	receive	108	1545741474.6396246
11109	receive	108	1545741474.6427236
11108	receive	108	1545741474.6449618
11109	send	109	1545741485.425827
11077	receive	109	1545741485.428
11110	receive	109	1545741485.4280019
11108	receive	109	1545741485.4331112
11109	receive	109	1545741485.4427218
11109	send	110	1545741490.474572
11077	receive	110	1545741490.490662
11110	receive	110	1545741490.4906642
11108	receive	110	1545741490.4947238
11109	receive	110	1545741490.5067186
11110	send	111	1545741492.1303704
11109	receive	111	1545741492.1322567
11108	receive	111	1545741492.136191
11110	receive	111	1545741492.1420949
11077	receive	111	1545741492.1427226
11077	send	112	1545741499.8417141
11109	receive	112	1545741499.8428087
11108	receive	112	1545741499.8467195
11110	receive	112	1545741499.8547177
11077	receive	112	1545741499.8587236
11077	send	113	1545741512.122317
11109	receive	113	1545741512.1245573
11108	receive	113	1545741512.1245573
11110	receive	113	1545741512.1347172
11077	receive	113	1545741512.1427326
11109	send	114	1545741515.6614268
11108	receive	114	1545741515.6666474
11077	receive	114	1545741515.6787372
11110	receive	114	1545741515.6827598
11109	receive	114	1545741515.685666
end of measure
11109	send	115	1545741552.8142786
11077	receive	115	1545741552.8190794
11110	receive	115	1545741552.8227532
11108	receive	115	1545741552.8227608
11109	receive	115	1545741552.83661
start to measure
11109	send	116	1545741558.7945306
11077	receive	116	1545741558.796734
11108	receive	116	1545741558.796743
11110	receive	116	1545741558.8107214
11109	receive	116	1545741558.8147216
11108	send	117	1545741568.4177778
11110	receive	117	1545741568.4199831
11077	receive	117	1545741568.4199827
11109	receive	117	1545741568.4267251
11108	receive	117	1545741568.4387176
11109	send	118	1545741569.4417174
11108	receive	118	1545741569.4439514
11110	receive	118	1545741569.4439456
11077	receive	118	1545741569.4467242
11109	receive	118	1545741569.4627326
11109	send	119	1545741621.4977167
11077	receive	119	1545741621.4989161
11108	receive	119	1545741621.5027232
11110	receive	119	1545741621.5067234
11109	receive	119	1545741621.5120885
11109	send	120	1545741626.0097275
11110	receive	120	1545741626.0117269
11108	receive	120	1545741626.0147262
11077	receive	120	1545741626.01872
11109	receive	120	1545741626.0267196
11110	send	121	1545741646.2916303
11109	receive	121	1545741646.293719
11108	receive	121	1545741646.2937183
11077	receive	121	1545741646.3027215
11110	receive	121	1545741646.306724
11108	send	122	1545741651.5737252
11077	receive	122	1545741651.5757456
11110	receive	122	1545741651.575746
11109	receive	122	1545741651.575754
11108	receive	122	1545741651.5907273
half end of measure
11108	send	123	1545741674.2415318
11077	receive	123	1545741674.2440927
11110	receive	123	1545741674.2440937
11109	receive	123	1545741674.2473829
11108	receive	123	1545741674.256279
11110	send	124	1545741682.2178123
11109	receive	124	1545741682.2208538
11077	receive	124	1545741682.2209234
11108	receive	124	1545741682.2325022
11110	receive	124	1545741682.2347655
11108	send	125	1545741689.8817368
11110	receive	125	1545741689.883887
11109	receive	125	1545741689.8867154
11077	receive	125	1545741689.8902555
11108	receive	125	1545741689.90672
11077	send	126	1545741705.4457743
11109	receive	126	1545741705.4483085
11108	receive	126	1545741705.4547224
11077	receive	126	1545741705.4594817
11110	receive	126	1545741705.462722
11077	send	127	1545741707.31254
11109	receive	127	1545741707.3195066
11110	receive	127	1545741707.3194978
11108	receive	127	1545741707.3227232
11077	receive	127	1545741707.338719
11077	send	128	1545741728.6937804
11110	receive	128	1545741728.695979
11109	receive	128	1545741728.6959877
11108	receive	128	1545741728.69873
11077	receive	128	1545741728.710724
11108	send	129	1545741746.8577352
11109	receive	129	1545741746.8604577
11110	receive	129	1545741746.8604503
11077	receive	129	1545741746.8604507
11108	receive	129	1545741746.87472
11110	send	130	1545741758.1496954
11109	receive	130	1545741758.1511035
11108	receive	130	1545741758.1547222
11077	receive	130	1545741758.1666803
11110	receive	130	1545741758.1707978
end of measure
start to measure
11110	send	131	1545741782.413786
11077	receive	131	1545741782.4159148
11109	receive	131	1545741782.4227173
11110	receive	131	1545741782.4306133
11108	receive	131	1545741782.4307182
11110	send	132	1545741828.86993
11109	receive	132	1545741828.8716242
11108	receive	132	1545741828.8747272
11077	receive	132	1545741828.8787513
11110	receive	132	1545741828.883802
11077	send	133	1545741848.307442
11110	receive	133	1545741848.3147173
11077	receive	133	1545741848.3096032
11109	receive	133	1545741848.318721
11108	receive	133	1545741848.3227189
half end of measure
11110	send	134	1545741874.0016987
11108	receive	134	1545741874.00388
11109	receive	134	1545741874.0092037
11077	receive	134	1545741874.0109956
11110	receive	134	1545741874.018722
11109	send	135	1545741879.0355322
11108	receive	135	1545741879.0375326
11077	receive	135	1545741879.0467205
11109	receive	135	1545741879.0507226
11110	receive	135	1545741879.0507164
11077	send	136	1545741879.0952132
11108	receive	136	1545741879.0987322
11110	receive	136	1545741879.1002827
11109	receive	136	1545741879.108453
11077	receive	136	1545741879.1107216
11077	send	137	1545741888.2280068
11108	receive	137	1545741888.2307286
11110	receive	137	1545741888.2347233
11109	receive	137	1545741888.2363937
11077	receive	137	1545741888.2428088
11110	send	138	1545741889.1297157
11109	receive	138	1545741889.134807
11110	receive	138	1545741889.1467175
11077	receive	138	1545741889.1467211
11108	receive	138	1545741889.154722
11110	send	139	1545741901.0364852
11077	receive	139	1545741901.0385838
11109	receive	139	1545741901.038722
11108	receive	139	1545741901.0507164
11110	receive	139	1545741901.0547194
11108	send	140	1545741904.0358644
11077	receive	140	1545741904.0368216
11109	receive	140	1545741904.0368721
11110	receive	140	1545741904.0387247
11108	receive	140	1545741904.0507216
11108	send	141	1545741923.9857044
11109	receive	141	1545741923.9870498
11110	receive	141	1545741923.9870439
11077	receive	141	1545741923.9987237
11108	receive	141	1545741924.00272
11108	send	142	1545741926.710947
11077	receive	142	1545741926.713173
11109	receive	142	1545741926.7131803
11110	receive	142	1545741926.7280335
11108	receive	142	1545741926.730737
11108	send	143	1545741944.6378334
11109	receive	143	1545741944.639794
11077	receive	143	1545741944.6397872
11110	receive	143	1545741944.6416714
11108	receive	143	1545741944.6547232
11110	send	144	1545741944.8540516
11077	receive	144	1545741944.8587246
11109	receive	144	1545741944.8627253
11110	receive	144	1545741944.8679457
11108	receive	144	1545741944.8734126
11109	send	145	1545741944.99587
11077	receive	145	1545741944.9974287
11110	receive	145	1545741945.0009496
11109	receive	145	1545741945.002725
11108	receive	145	1545741945.0027196
11110	send	146	1545741950.6750963
11077	receive	146	1545741950.6788297
11109	receive	146	1545741950.6820483
11108	receive	146	1545741950.6828024
11110	receive	146	1545741950.6877058
11108	send	147	1545741965.2977295
11109	receive	147	1545741965.299811
11077	receive	147	1545741965.2998037
11110	receive	147	1545741965.3107176
11108	receive	147	1545741965.3147192
11110	send	148	1545741965.3672676
11108	receive	148	1545741965.3707237
11110	receive	148	1545741965.3787208
11077	receive	148	1545741965.3787193
11109	receive	148	1545741965.3827195
end of measure
11110	send	149	1545741976.7697177
11108	receive	149	1545741976.7717972
11109	receive	149	1545741976.7787228
11077	receive	149	1545741976.7787278
11110	receive	149	1545741976.7867234
11108	send	150	1545741978.3049114
11109	receive	150	1545741978.3159466
11077	receive	150	1545741978.3159406
11110	receive	150	1545741978.3198495
11108	receive	150	1545741978.3307207
start to measure
11077	send	151	1545741979.7737253
11110	receive	151	1545741979.7758036
11108	receive	151	1545741979.7758098
11077	receive	151	1545741979.7907307
11109	receive	151	1545741979.7907264
11110	send	152	1545741981.9595912
11108	receive	152	1545741981.9666882
11110	receive	152	1545741981.9604323
11109	receive	152	1545741981.9818265
11077	receive	152	1545741981.9820411
11077	send	153	1545741988.7316985
11110	receive	153	1545741988.7338297
11108	receive	153	1545741988.73713
11077	receive	153	1545741988.7399633
11109	receive	153	1545741988.7427223
11108	send	154	1545742002.433559
11110	receive	154	1545742002.439757
11077	receive	154	1545742002.4507325
11109	receive	154	1545742002.4507387
11108	receive	154	1545742002.4547346
11108	send	155	1545742015.0017755
11077	receive	155	1545742015.003899
11109	receive	155	1545742015.006721
11110	receive	155	1545742015.0107994
11108	receive	155	1545742015.0187237
11077	send	156	1545742018.4027472
11110	receive	156	1545742018.4050376
11109	receive	156	1545742018.405045
11108	receive	156	1545742018.418718
11077	receive	156	1545742018.4231417
11110	send	157	1545742021.6617885
11109	receive	157	1545742021.6655717
11077	receive	157	1545742021.6656363
11108	receive	157	1545742021.6787906
11110	receive	157	1545742021.682763
11109	send	158	1545742023.1367393
11108	receive	158	1545742023.1386337
11110	receive	158	1545742023.1386297
11077	receive	158	1545742023.138784
11109	receive	158	1545742023.1547234
11110	send	159	1545742023.8339226
11077	receive	159	1545742023.8387237
11109	receive	159	1545742023.8507178
11108	receive	159	1545742023.850723
11110	receive	159	1545742023.8547192
11108	send	160	1545742024.6755142
11109	receive	160	1545742024.6767552
11108	receive	160	1545742024.6827283
11110	receive	160	1545742024.6866236
11077	receive	160	1545742024.6907282
11108	send	161	1545742026.6144893
11110	receive	161	1545742026.621688
11109	receive	161	1545742026.622736
11108	receive	161	1545742026.6387224
11077	receive	161	1545742026.6389585
11108	send	162	1545742034.0777097
11109	receive	162	1545742034.0797102
11077	receive	162	1545742034.090389
11108	receive	162	1545742034.0947204
11110	receive	162	1545742034.0947227
11110	send	163	1545742035.7057064
11077	receive	163	1545742035.707654
11108	receive	163	1545742035.7076595
11109	receive	163	1545742035.7147238
11110	receive	163	1545742035.7333186
11110	send	164	1545742064.5617716
11108	receive	164	1545742064.5639324
11077	receive	164	1545742064.570723
11110	receive	164	1545742064.5787199
11109	receive	164	1545742064.5787218
half end of measure
11108	send	165	1545742089.5736942
11077	receive	165	1545742089.5827177
11109	receive	165	1545742089.5827312
11110	receive	165	1545742089.5867238
11108	receive	165	1545742089.5941856
11108	send	166	1545742104.9577801
11109	receive	166	1545742104.960032
11077	receive	166	1545742104.960024
11110	receive	166	1545742104.9707177
11108	receive	166	1545742104.9743116
11110	send	167	1545742121.1457145
11108	receive	167	1545742121.1478667
11077	receive	167	1545742121.154346
11110	receive	167	1545742121.1627812
11109	receive	167	1545742121.1632097
11109	send	168	1545742130.266667
11110	receive	168	1545742130.2683156
11077	receive	168	1545742130.2707226
11109	receive	168	1545742130.282724
11108	receive	168	1545742130.282719
11110	send	169	1545742149.8624039
11077	receive	169	1545742149.86383
11110	receive	169	1545742149.8707252
11109	receive	169	1545742149.8644292
11108	receive	169	1545742149.8745341
11110	send	170	1545742158.979304
11109	receive	170	1545742158.981455
11108	receive	170	1545742158.9867206
11077	receive	170	1545742158.9947183
11110	receive	170	1545742158.998729
11110	send	171	1545742163.6416948
11108	receive	171	1545742163.650728
11077	receive	171	1545742163.654718
11109	receive	171	1545742163.6547205
11110	receive	171	1545742163.6628067
end of measure
start to measure
11110	send	172	1545742190.9056988
11108	receive	172	1545742190.9082115
11077	receive	172	1545742190.908205
11110	receive	172	1545742190.9227195
11109	receive	172	1545742190.922722
11109	send	173	1545742193.9905748
11110	receive	173	1545742193.991839
11108	receive	173	1545742193.9918456
11109	receive	173	1545742194.0067198
11077	receive	173	1545742194.0067196
11109	send	174	1545742213.357956
11110	receive	174	1545742213.363789
11077	receive	174	1545742213.3667219
11109	receive	174	1545742213.3787208
11108	receive	174	1545742213.3787203
11077	send	175	1545742217.2617326
11110	receive	175	1545742217.2640345
11108	receive	175	1545742217.2640417
11109	receive	175	1545742217.2707224
11077	receive	175	1545742217.2764142
11110	send	176	1545742241.6937275
11077	receive	176	1545742241.6955855
11108	receive	176	1545742241.6956527
11109	receive	176	1545742241.6987278
11110	receive	176	1545742241.7107253
11110	send	177	1545742251.627362
11077	receive	177	1545742251.6293647
11108	receive	177	1545742251.6293705
11109	receive	177	1545742251.6294167
11110	receive	177	1545742251.6421685
11110	send	178	1545742285.873776
11108	receive	178	1545742285.875752
11109	receive	178	1545742285.8757534
11077	receive	178	1545742285.88672
11110	receive	178	1545742285.8907223
half end of measure
11110	send	179	1545742289.6897168
11108	receive	179	1545742289.6916292
11109	receive	179	1545742289.6916292
11077	receive	179	1545742289.702726
11110	receive	179	1545742289.7067263
11077	send	180	1545742289.865855
11109	receive	180	1545742289.8679276
11108	receive	180	1545742289.870722
11110	receive	180	1545742289.882726
11077	receive	180	1545742289.888385
11109	send	181	1545742310.801737
11077	receive	181	1545742310.8032892
11108	receive	181	1545742310.8033
11109	receive	181	1545742310.8187182
11110	receive	181	1545742310.8187172
11109	send	182	1545742319.9257927
11110	receive	182	1545742319.9310284
11108	receive	182	1545742319.931033
11109	receive	182	1545742319.942724
11077	receive	182	1545742319.9467213
11109	send	183	1545742323.2980888
11110	receive	183	1545742323.3027244
11108	receive	183	1545742323.3038924
11077	receive	183	1545742323.3147192
11109	receive	183	1545742323.3147283
11108	send	184	1545742333.39771
11109	receive	184	1545742333.3994124
11108	receive	184	1545742333.4147215
11077	receive	184	1545742333.414718
11110	receive	184	1545742333.414717
11110	send	185	1545742339.822874
11108	receive	185	1545742339.8250878
11077	receive	185	1545742339.8250813
11109	receive	185	1545742339.8360112
11110	receive	185	1545742339.8380039
11077	send	186	1545742355.8050706
11108	receive	186	1545742355.805839
11109	receive	186	1545742355.805839
11077	receive	186	1545742355.8058832
11110	receive	186	1545742355.8101516
11077	send	187	1545742378.0457175
11109	receive	187	1545742378.0480192
11110	receive	187	1545742378.0480113
11108	receive	187	1545742378.0547214
11077	receive	187	1545742378.0627205
11108	send	188	1545742379.2267253
11077	receive	188	1545742379.230744
11109	receive	188	1545742379.2326655
11108	receive	188	1545742379.2359483
11110	receive	188	1545742379.2387893
end of measure
11108	send	189	1545742391.337722
11109	receive	189	1545742391.3400419
11110	receive	189	1545742391.342265
11077	receive	189	1545742391.3467255
11108	receive	189	1545742391.3547227
11109	send	190	1545742393.1937187
11077	receive	190	1545742393.1955245
11110	receive	190	1545742393.1955245
11109	receive	190	1545742393.2107196
11108	receive	190	1545742393.2107203
start to measure
11110	send	191	1545742419.8279476
11077	receive	191	1545742419.8301127
11108	receive	191	1545742419.830118
11109	receive	191	1545742419.8347216
11110	receive	191	1545742419.8467205
11110	send	192	1545742469.1368985
11109	receive	192	1545742469.1426709
11110	receive	192	1545742469.150724
11077	receive	192	1545742469.1507187
11108	receive	192	1545742469.1507208
11077	send	193	1545742471.7424326
11110	receive	193	1545742471.7497303
11108	receive	193	1545742471.7507246
11077	receive	193	1545742471.755456
11109	receive	193	1545742471.7563133
11110	send	194	1545742479.4817793
11108	receive	194	1545742479.4837716
11077	receive	194	1545742479.4837644
11109	receive	194	1545742479.4947224
11110	receive	194	1545742479.4987216
half end of measure
11109	send	195	1545742507.4017258
11077	receive	195	1545742507.4038837
11108	receive	195	1545742507.4038897
11109	receive	195	1545742507.4187284
11110	receive	195	1545742507.4187193
11110	send	196	1545742521.7697353
11077	receive	196	1545742521.771825
11109	receive	196	1545742521.774722
11108	receive	196	1545742521.782726
11110	receive	196	1545742521.7867248
11108	send	197	1545742543.8779237
11109	receive	197	1545742543.8801916
11110	receive	197	1545742543.8825662
11077	receive	197	1545742543.8827224
11108	receive	197	1545742543.8947227
11109	send	198	1545742555.15341
11077	receive	198	1545742555.1587248
11110	receive	198	1545742555.1627584
11108	receive	198	1545742555.16673
11109	receive	198	1545742555.1787708
11077	send	199	1545742557.2577863
11109	receive	199	1545742557.2594175
11110	receive	199	1545742557.262722
11108	receive	199	1545742557.2645237
11077	receive	199	1545742557.2740495
11077	send	200	1545742568.8657827
11110	receive	200	1545742568.871101
11108	receive	200	1545742568.874066
11077	receive	200	1545742568.88272
11109	receive	200	1545742568.882721
11109	send	201	1545742576.4511423
11108	receive	201	1545742576.4529803
11077	receive	201	1545742576.4547215
11110	receive	201	1545742576.4627192
11109	receive	201	1545742576.4707205
11110	send	202	1545742580.717715
11077	receive	202	1545742580.7202704
11109	receive	202	1545742580.7287214
11108	receive	202	1545742580.7347233
11110	receive	202	1545742580.7347345
11109	send	203	1545742586.6789143
11110	receive	203	1545742586.6864715
11108	receive	203	1545742586.6864774
11077	receive	203	1545742586.6894052
11109	receive	203	1545742586.6970909
end of measure
11109	send	204	1545742602.3737178
11110	receive	204	1545742602.3759518
11108	receive	204	1545742602.3827212
11077	receive	204	1545742602.3867211
11109	receive	204	1545742602.3907254
11077	send	205	1545742603.0937638
11109	receive	205	1545742603.0957012
11108	receive	205	1545742603.095698
11110	receive	205	1545742603.095736
11077	receive	205	1545742603.1107268
start to measure
11108	send	206	1545742625.2906759
11077	receive	206	1545742625.2983794
11110	receive	206	1545742625.2992005
11109	receive	206	1545742625.3073764
11108	receive	206	1545742625.3148584
11077	send	207	1545742652.8726983
11109	receive	207	1545742652.875964
11110	receive	207	1545742652.876005
11077	receive	207	1545742652.8889725
11108	receive	207	1545742652.8972661
11110	send	208	1545742678.9893696
11109	receive	208	1545742678.991661
11108	receive	208	1545742678.99166
11077	receive	208	1545742679.0027196
11110	receive	208	1545742679.0067248
11110	send	209	1545742686.320184
11108	receive	209	1545742686.327175
11109	receive	209	1545742686.327188
11077	receive	209	1545742686.3271744
11110	receive	209	1545742686.3387315
11109	send	210	1545742692.3864284
11108	receive	210	1545742692.3882065
11077	receive	210	1545742692.3881989
11110	receive	210	1545742692.3947248
11109	receive	210	1545742692.4067225
11108	send	211	1545742701.9657102
11110	receive	211	1545742701.9707232
11108	receive	211	1545742701.9827232
11077	receive	211	1545742701.9827251
11109	receive	211	1545742701.982724
half end of measure
11077	send	212	1545742723.8689384
11109	receive	212	1545742723.8712542
11108	receive	212	1545742723.8712451
11077	receive	212	1545742723.8867176
11110	receive	212	1545742723.886727
11108	send	213	1545742727.715845
11077	receive	213	1545742727.7209358
11109	receive	213	1545742727.7215295
11110	receive	213	1545742727.722721
11108	receive	213	1545742727.7344096
11110	send	214	1545742740.3180752
11108	receive	214	1545742740.3206131
11077	receive	214	1545742740.3254626
11110	receive	214	1545742740.334818
11109	receive	214	1545742740.3376908
11109	send	215	1545742741.0684636
11077	receive	215	1545742741.0704124
11110	receive	215	1545742741.070995
11109	receive	215	1545742741.0813015
11108	receive	215	1545742741.0827272
11077	send	216	1545742746.7776952
11108	receive	216	1545742746.779943
11109	receive	216	1545742746.790632
11110	receive	216	1545742746.7907343
11077	receive	216	1545742746.7947252
11108	send	217	1545742764.9495378
11077	receive	217	1545742764.951414
11108	receive	217	1545742764.9503257
11109	receive	217	1545742764.9574487
11110	receive	217	1545742764.9614894
11109	send	218	1545742776.2124698
11110	receive	218	1545742776.2187238
11109	receive	218	1545742776.2222435
11077	receive	218	1545742776.2267172
11108	receive	218	1545742776.2347233
11110	send	219	1545742792.3770092
11077	receive	219	1545742792.383414
11109	receive	219	1545742792.383425
11108	receive	219	1545742792.3834867
11110	receive	219	1545742792.3916597
11109	send	220	1545742806.0737176
11110	receive	220	1545742806.0750985
11077	receive	220	1545742806.0750973
11108	receive	220	1545742806.0787766
11109	receive	220	1545742806.0867279
11077	send	221	1545742807.0086966
11110	receive	221	1545742807.026827
11109	receive	221	1545742807.038726
11077	receive	221	1545742807.0427227
11108	receive	221	1545742807.0427215
11077	send	222	1545742808.976519
11110	receive	222	1545742808.9832847
11109	receive	222	1545742808.988973
11077	receive	222	1545742808.9987166
11108	receive	222	1545742808.998729
11108	send	223	1545742809.1696916
11110	receive	223	1545742809.1706917
11077	receive	223	1545742809.1747215
11109	receive	223	1545742809.1706998
11108	receive	223	1545742809.1947246
end of measure
start to measure
11077	send	224	1545742851.5575671
11108	receive	224	1545742851.5600328
11110	receive	224	1545742851.5600324
11109	receive	224	1545742851.5600858
11077	receive	224	1545742851.578762
11108	send	225	1545742869.5282109
11077	receive	225	1545742869.5387197
11110	receive	225	1545742869.5403547
11109	receive	225	1545742869.5427608
11108	receive	225	1545742869.5507271
11108	send	226	1545742881.2936692
11110	receive	226	1545742881.299063
11077	receive	226	1545742881.3016567
11108	receive	226	1545742881.3107255
11109	receive	226	1545742881.3107295
11077	send	227	1545742883.053719
11110	receive	227	1545742883.0552883
11108	receive	227	1545742883.0552948
11109	receive	227	1545742883.0587246
11077	receive	227	1545742883.0694394
11077	send	228	1545742888.7347126
11108	receive	228	1545742888.7358136
11109	receive	228	1545742888.7398024
11077	receive	228	1545742888.750721
11110	receive	228	1545742888.7551405
11077	send	229	1545742918.5099277
11108	receive	229	1545742918.5118043
11109	receive	229	1545742918.5187254
11110	receive	229	1545742918.5191348
11077	receive	229	1545742918.5239906
half end of measure
11108	send	230	1545742924.6177244
11077	receive	230	1545742924.61982
11110	receive	230	1545742924.625143
11108	receive	230	1545742924.6308224
11109	receive	230	1545742924.6347222
11108	send	231	1545742935.9926598
11077	receive	231	1545742935.994793
11110	receive	231	1545742935.9971223
11109	receive	231	1545742935.9992921
11108	receive	231	1545742935.9994686
11077	send	232	1545742944.0675998
11108	receive	232	1545742944.069281
11110	receive	232	1545742944.069276
11109	receive	232	1545742944.0708451
11077	receive	232	1545742944.0825567
11077	send	233	1545742974.637718
11109	receive	233	1545742974.6396918
11110	receive	233	1545742974.639685
11108	receive	233	1545742974.6396918
11077	receive	233	1545742974.6547198
11077	send	234	1545742980.931508
11108	receive	234	1545742980.9386744
11110	receive	234	1545742980.938669
11077	receive	234	1545742980.9547253
11109	receive	234	1545742980.9547253
11109	send	235	1545742985.8788195
11108	receive	235	1545742985.8827276
11110	receive	235	1545742985.8848872
11077	receive	235	1545742985.886718
11109	receive	235	1545742985.8905408
11109	send	236	1545742991.7137969
11077	receive	236	1545742991.7187264
11110	receive	236	1545742991.7227266
11109	receive	236	1545742991.730727
11108	receive	236	1545742991.730719
11108	send	237	1545743000.8062496
11108	receive	237	1545743000.8065562
11110	receive	237	1545743000.80758
11077	receive	237	1545743000.8076403
11109	receive	237	1545743000.8077474
11109	send	238	1545743012.2299547
11110	receive	238	1545743012.248456
11077	receive	238	1545743012.251185
11108	receive	238	1545743012.2587392
11109	receive	238	1545743012.2678561
11108	send	239	1545743017.814705
11109	receive	239	1545743017.8169303
11110	receive	239	1545743017.8228261
11108	receive	239	1545743017.828891
11077	receive	239	1545743017.8348932
11110	send	240	1545743018.7217646
11109	receive	240	1545743018.7292726
11110	receive	240	1545743018.7336636
11108	receive	240	1545743018.7336636
11077	receive	240	1545743018.7337072
end of measure
11109	send	241	1545743019.7745562
11110	receive	241	1545743019.7766125
11077	receive	241	1545743019.7787216
11109	receive	241	1545743019.790723
11108	receive	241	1545743019.7910156
11108	send	242	1545743021.4480007
11110	receive	242	1545743021.4600954
11077	receive	242	1545743021.4600909
11109	receive	242	1545743021.4621866
11108	receive	242	1545743021.470728
11110	send	243	1545743025.13829
11108	receive	243	1545743025.1423123
11077	receive	243	1545743025.1423073
11109	receive	243	1545743025.145779
11110	receive	243	1545743025.150753
11108	send	244	1545743027.6297607
11077	receive	244	1545743027.6362772
11110	receive	244	1545743027.640148
11109	receive	244	1545743027.6468647
11108	receive	244	1545743027.652812
start to measure
11110	send	245	1545743033.2337272
11109	receive	245	1545743033.2357898
11077	receive	245	1545743033.2387211
11108	receive	245	1545743033.2467172
11110	receive	245	1545743033.2523715
11077	send	246	1545743039.7960043
11110	receive	246	1545743039.802724
11108	receive	246	1545743039.8107193
11109	receive	246	1545743039.810726
11077	receive	246	1545743039.8187203
11109	send	247	1545743047.2737365
11077	receive	247	1545743047.275355
11110	receive	247	1545743047.2758398
11109	receive	247	1545743047.2907205
11108	receive	247	1545743047.2907186
11110	send	248	1545743073.750392
11077	receive	248	1545743073.769473
11109	receive	248	1545743073.77074
11108	receive	248	1545743073.7755876
11110	receive	248	1545743073.801694
11110	send	249	1545743090.1496968
11109	receive	249	1545743090.1527567
11108	receive	249	1545743090.152868
11077	receive	249	1545743090.1560295
11110	receive	249	1545743090.1691637
11077	send	250	1545743116.561725
11110	receive	250	1545743116.5691736
11108	receive	250	1545743116.5747228
11109	receive	250	1545743116.574722
11077	receive	250	1545743116.5827312
11077	send	251	1545743123.052263
11109	receive	251	1545743123.0541222
11108	receive	251	1545743123.0541196
11110	receive	251	1545743123.059334
11077	receive	251	1545743123.0753286
11108	send	252	1545743127.7577884
11110	receive	252	1545743127.7594907
11077	receive	252	1545743127.7594924
11109	receive	252	1545743127.7595124
11108	receive	252	1545743127.7652042
half end of measure
11110	send	253	1545743139.2110844
11109	receive	253	1545743139.212274
11108	receive	253	1545743139.2214823
11110	receive	253	1545743139.2257364
11077	receive	253	1545743139.2267842
11110	send	254	1545743148.380263
11109	receive	254	1545743148.386725
11108	receive	254	1545743148.3901381
11110	receive	254	1545743148.4027216
11077	receive	254	1545743148.4027226
11109	send	255	1545743157.3870735
11077	receive	255	1545743157.389129
11110	receive	255	1545743157.3891296
11108	receive	255	1545743157.3891952
11109	receive	255	1545743157.394737
11077	send	256	1545743176.4407833
11109	receive	256	1545743176.4430637
11108	receive	256	1545743176.4430594
11110	receive	256	1545743176.4547231
11077	receive	256	1545743176.4587207
11077	send	257	1545743190.5140355
11109	receive	257	1545743190.5159388
11108	receive	257	1545743190.5159333
11077	receive	257	1545743190.530719
11110	receive	257	1545743190.5307195
11077	send	258	1545743208.8057716
11110	receive	258	1545743208.8130772
11109	receive	258	1545743208.8227232
11108	receive	258	1545743208.8251312
11077	receive	258	1545743208.8307204
11077	send	259	1545743210.5703876
11110	receive	259	1545743210.5867176
11109	receive	259	1545743210.5867238
11077	receive	259	1545743210.5907218
11108	receive	259	1545743210.5907183
11077	send	260	1545743216.8337197
11110	receive	260	1545743216.835784
11109	receive	260	1545743216.835796
11108	receive	260	1545743216.8427253
11077	receive	260	1545743216.8499272
11077	send	261	1545743219.7156787
11109	receive	261	1545743219.7174532
11108	receive	261	1545743219.72675
11110	receive	261	1545743219.7307212
11077	receive	261	1545743219.734721
end of measure
11110	send	262	1545743234.989857
11108	receive	262	1545743234.991942
11077	receive	262	1545743234.9987204
11109	receive	262	1545743235.0027275
11110	receive	262	1545743235.006728
start to measure
11110	send	263	1545743247.437434
11077	receive	263	1545743247.454179
11108	receive	263	1545743247.4547486
11109	receive	263	1545743247.4681416
11110	receive	263	1545743247.468897
11108	send	264	1545743249.0310128
11109	receive	264	1545743249.03281
11077	receive	264	1545743249.0327985
11110	receive	264	1545743249.038724
11108	receive	264	1545743249.0507202
11109	send	265	1545743253.8647592
11108	receive	265	1545743253.8825722
11110	receive	265	1545743253.8825622
11077	receive	265	1545743253.883495
11109	receive	265	1545743253.8922992
11108	send	266	1545743255.9777668
11077	receive	266	1545743255.9849641
11110	receive	266	1545743255.9849648
11109	receive	266	1545743255.9987226
11108	receive	266	1545743256.0027177
11110	send	267	1545743266.2060955
11108	receive	267	1545743266.2075474
11077	receive	267	1545743266.2111542
11110	receive	267	1545743266.2187207
11109	receive	267	1545743266.2227237
11108	send	268	1545743269.377704
11077	receive	268	1545743269.3795512
11110	receive	268	1545743269.3827207
11108	receive	268	1545743269.390686
11109	receive	268	1545743269.3907187
11109	send	269	1545743306.9312758
11077	receive	269	1545743306.9333436
11110	receive	269	1545743306.9333453
11108	receive	269	1545743306.9387298
11109	receive	269	1545743306.9402182
11110	send	270	1545743309.1060696
11108	receive	270	1545743309.108265
11109	receive	270	1545743309.10827
11077	receive	270	1545743309.114791
11110	receive	270	1545743309.1227965
half end of measure
11108	send	271	1545743376.905722
11109	receive	271	1545743376.907864
11077	receive	271	1545743376.9078534
11110	receive	271	1545743376.907854
11108	receive	271	1545743376.9227183
11077	send	272	1545743383.2992167
11108	receive	272	1545743383.3107195
11110	receive	272	1545743383.310724
11077	receive	272	1545743383.314112
11109	receive	272	1545743383.3187177
11108	send	273	1545743404.1503375
11110	receive	273	1545743404.1520724
11077	receive	273	1545743404.1520746
11109	receive	273	1545743404.1547458
11108	receive	273	1545743404.1667209
11110	send	274	1545743404.1987104
11077	receive	274	1545743404.200118
11108	receive	274	1545743404.2001247
11110	receive	274	1545743404.2142954
11109	receive	274	1545743404.2220128
11109	send	275	1545743415.329738
11110	receive	275	1545743415.3316853
11108	receive	275	1545743415.3316915
11077	receive	275	1545743415.3317366
11109	receive	275	1545743415.3467193
11110	send	276	1545743430.5297549
11109	receive	276	1545743430.5318415
11108	receive	276	1545743430.5370896
11077	receive	276	1545743430.5387256
11110	receive	276	1545743430.550721
end of measure
11110	send	277	1545743448.2919052
11110	receive	277	1545743448.2935119
11108	receive	277	1545743448.3004959
11109	receive	277	1545743448.320238
11077	receive	277	1545743448.3100991
start to measure
11077	send	278	1545743491.3767676
11077	receive	278	1545743491.3771105
11109	receive	278	1545743491.3787277
11110	receive	278	1545743491.3818486
11108	receive	278	1545743491.3823922
11108	send	279	1545743504.2198422
11109	receive	279	1545743504.223109
11108	receive	279	1545743504.2347221
11110	receive	279	1545743504.2347174
11077	receive	279	1545743504.2387245
11109	send	280	1545743512.3334897
11110	receive	280	1545743512.335428
11077	receive	280	1545743512.340652
11108	receive	280	1545743512.3441076
11109	receive	280	1545743512.346722
half end of measure
11109	send	281	1545743550.3022995
11077	receive	281	1545743550.3036568
11108	receive	281	1545743550.3053164
11110	receive	281	1545743550.306726
11109	receive	281	1545743550.326737
11110	send	282	1545743586.0937138
11108	receive	282	1545743586.0952778
11109	receive	282	1545743586.0953197
11110	receive	282	1545743586.1107252
11077	receive	282	1545743586.1107168
11110	send	283	1545743591.5035968
11077	receive	283	1545743591.50584
11108	receive	283	1545743591.5086753
11109	receive	283	1545743591.5107307
11110	receive	283	1545743591.5227199
11077	send	284	1545743605.3746932
11108	receive	284	1545743605.3764126
11109	receive	284	1545743605.3764164
11110	receive	284	1545743605.3867211
11077	receive	284	1545743605.3907194
11077	send	285	1545743608.9857244
11109	receive	285	1545743608.9874609
11108	receive	285	1545743608.9907203
11110	send	285	1545743608.995414
11108	receive	285	1545743608.996665
11109	receive	285	1545743608.9966664
11109	fork	285
11108	fork	285
11077	receive	285	1545743609.0004683
11077	receive	285	1545743609.0006187
11077	fork	285
11110	receive	285	1545743609.0022662
11110	fork	285
11110	receive	285	1545743609.0032318
11109	send	286	1545743618.954303
11109	receive	286	1545743618.954589
11110	receive	286	1545743618.9562325
11110	fork	286
11108	receive	286	1545743618.957688
11077	receive	286	1545743618.970736
11108	send	287	1545743640.4097948
11108	receive	287	1545743640.4113941
11077	receive	287	1545743640.4122267
11109	receive	287	1545743640.4134812
11110	receive	287	1545743640.4134758
11110	fork	287
end of measure
11108	send	288	1545743653.77432
11109	receive	288	1545743653.7787268
11077	receive	288	1545743653.7827213
11108	receive	288	1545743653.7861516
11110	receive	288	1545743653.7928927
11110	fork	288
start to measure
11077	send	289	1545743670.1423092
11110	receive	289	1545743670.1442115
11110	fork	289
11109	receive	289	1545743670.1479156
11108	receive	289	1545743670.150891
11077	receive	289	1545743670.1589115
11077	send	290	1545743675.0893576
11108	receive	290	1545743675.094309
11077	receive	290	1545743675.1067362
11109	receive	290	1545743675.1067288
11110	receive	290	1545743675.1107352
11110	fork	290
11108	send	291	1545743676.4427686
11108	receive	291	1545743676.444013
11110	receive	291	1545743676.445122
11110	fork	291
11077	receive	291	1545743676.4485698
11109	receive	291	1545743676.448579
11110	send	286	1545743684.285754
11109	receive	286	1545743684.2886095
11109	fork	286
11108	receive	286	1545743684.2943819
11108	fork	286
11077	receive	286	1545743684.29517
11077	fork	286
11110	receive	286	1545743684.297015
11110	send	287	1545743696.8822317
11077	receive	287	1545743696.8835437
11109	receive	287	1545743696.8836114
11109	fork	287
11077	fork	287
11108	receive	287	1545743696.8926818
11108	fork	287
11110	receive	287	1545743696.893805
11077	send	292	1545743708.1777794
11108	receive	292	1545743708.1806386
11110	receive	292	1545743708.184908
11110	fork	292
11109	receive	292	1545743708.1907327
11077	receive	292	1545743708.1987243
11108	send	293	1545743711.5455577
11110	receive	293	1545743711.547541
11110	fork	293
11109	receive	293	1545743711.554743
11077	receive	293	1545743711.5562806
11108	receive	293	1545743711.5627673
11110	send	288	1545743717.4649918
11109	receive	288	1545743717.4679341
11109	fork	288
11108	receive	288	1545743717.471333
11108	fork	288
11077	receive	288	1545743717.4718773
11077	fork	288
11110	receive	288	1545743717.4747624
11109	send	294	1545743718.7440858
11110	receive	294	1545743718.7454345
11110	fork	294
11108	receive	294	1545743718.7467234
11077	receive	294	1545743718.7491689
11109	receive	294	1545743718.7590268
11109	send	295	1545743729.2936947
11108	receive	295	1545743729.2957652
11077	receive	295	1545743729.31072
11110	receive	295	1545743729.3107245
11110	fork	295
11109	receive	295	1545743729.3147187
half end of measure
11077	send	296	1545743769.656061
11109	receive	296	1545743769.6581364
11108	receive	296	1545743769.6581314
11077	receive	296	1545743769.670723
11110	receive	296	1545743769.6707156
11110	fork	296
11077	send	297	1545743774.3897152
11109	receive	297	1545743774.3930871
11110	receive	297	1545743774.3987179
11110	fork	297
11077	receive	297	1545743774.405357
11108	receive	297	1545743774.4067197
11108	send	298	1545743782.717991
11109	receive	298	1545743782.719766
11110	receive	298	1545743782.7227254
11110	fork	298
11077	receive	298	1545743782.7264898
11108	receive	298	1545743782.734727
11077	send	299	1545743790.8017812
11109	receive	299	1545743790.805327
11077	receive	299	1545743790.8187451
11110	receive	299	1545743790.818749
11110	fork	299
11108	receive	299	1545743790.8228946
11077	send	300	1545743792.2217274
11108	receive	300	1545743792.22327
11109	receive	300	1545743792.2307222
11110	receive	300	1545743792.230728
11110	fork	300
11077	receive	300	1545743792.2427247
11109	send	301	1545743797.7043734
11108	receive	301	1545743797.7060218
11110	receive	301	1545743797.7067385
11077	receive	301	1545743797.7067938
11110	fork	301
11109	receive	301	1545743797.7187324
11108	send	302	1545743799.2997608
11077	receive	302	1545743799.3019671
11110	receive	302	1545743799.306723
11110	fork	302
11109	receive	302	1545743799.31879
11108	receive	302	1545743799.326795
11077	send	303	1545743805.1840422
11109	receive	303	1545743805.1948879
11110	receive	303	1545743805.1949432
11110	fork	303
11108	receive	303	1545743805.1987293
11077	receive	303	1545743805.2084649
11077	send	304	1545743810.6942017
11108	receive	304	1545743810.6960537
11109	receive	304	1545743810.696058
11110	receive	304	1545743810.7107205
11110	fork	304
11077	receive	304	1545743810.7147236
11077	send	305	1545743840.7612932
11109	receive	305	1545743840.763594
11108	receive	305	1545743840.7635908
11110	receive	305	1545743840.774719
11110	fork	305
11077	receive	305	1545743840.7867177
11109	send	306	1545743842.872905
11108	receive	306	1545743842.874951
11077	receive	306	1545743842.8749444
11110	receive	306	1545743842.8823042
11110	fork	306
11109	receive	306	1545743842.8891764
11108	send	307	1545743850.2299051
11108	receive	307	1545743850.2319694
11077	receive	307	1545743850.239482
11109	receive	307	1545743850.244839
11110	receive	307	1545743850.2455864
11110	fork	307
11108	send	308	1545743850.398485
11110	receive	308	1545743850.3995938
11110	fork	308
11077	receive	308	1545743850.399592
11109	receive	308	1545743850.4139166
11108	receive	308	1545743850.4147394
end of measure
start to measure
11077	send	309	1545743880.8952796
11110	receive	309	1545743880.8987281
11110	fork	309
11109	receive	309	1545743880.9006033
11077	receive	309	1545743880.902562
11108	receive	309	1545743880.9204614
11077	send	310	1545743881.3319924
11108	receive	310	1545743881.3344514
11109	receive	310	1545743881.334503
11110	receive	310	1545743881.334777
11110	fork	310
11077	receive	310	1545743881.3450496
11077	send	311	1545743882.1541307
11109	receive	311	1545743882.1600573
11108	receive	311	1545743882.1605124
11077	receive	311	1545743882.1691287
11110	receive	311	1545743882.1747332
11110	fork	311
11109	send	312	1545743895.269382
11077	receive	312	1545743895.2784743
11108	receive	312	1545743895.2784579
11110	receive	312	1545743895.2784503
11110	fork	312
11109	receive	312	1545743895.2918894
11110	send	289	1545743896.06971
11077	receive	289	1545743896.071706
11109	receive	289	1545743896.0717163
11109	fork	289
11077	fork	289
11108	receive	289	1545743896.0787203
11108	fork	289
11110	receive	289	1545743896.0907264
11110	send	290	1545743906.697783
11109	receive	290	1545743906.6988277
11110	receive	290	1545743906.6988556
11109	fork	290
11077	receive	290	1545743906.702717
11108	receive	290	1545743906.702747
11108	fork	290
11077	fork	290
11109	send	313	1545743919.3737147
11108	receive	313	1545743919.3748744
11110	receive	313	1545743919.374869
11077	receive	313	1545743919.3748696
11110	fork	313
11109	receive	313	1545743919.3907204
11077	send	314	1545743932.1045005
11077	receive	314	1545743932.1165802
11109	receive	314	1545743932.1277702
11108	receive	314	1545743932.1285746
11110	receive	314	1545743932.1307983
11110	fork	314
11110	send	291	1545743937.5518036
11077	receive	291	1545743937.5541956
11077	fork	291
11109	receive	291	1545743937.555677
11109	fork	291
11108	receive	291	1545743937.5593233
11108	fork	291
11110	receive	291	1545743937.5596125
11108	send	315	1545743940.162946
11077	receive	315	1545743940.1648486
11110	receive	315	1545743940.1667285
11110	fork	315
11109	receive	315	1545743940.1679692
11108	receive	315	1545743940.182738
11110	send	292	1545743959.2459211
11109	receive	292	1545743959.24972
11109	fork	292
11077	receive	292	1545743959.2511506
11077	fork	292
11108	receive	292	1545743959.255976
11108	fork	292
11110	receive	292	1545743959.2612193
11077	send	316	1545743969.6109717
11109	receive	316	1545743969.6130452
11110	receive	316	1545743969.6130393
11108	receive	316	1545743969.6130426
11110	fork	316
11077	receive	316	1545743969.630719
half end of measure
11108	send	317	1545743972.72659
11110	receive	317	1545743972.7283947
11077	receive	317	1545743972.7283952
11110	fork	317
11109	receive	317	1545743972.7284083
11108	receive	317	1545743972.7431445
11077	send	318	1545743983.0662928
11110	receive	318	1545743983.0680385
11109	receive	318	1545743983.0680482
11108	receive	318	1545743983.0731244
11110	fork	318
11077	receive	318	1545743983.0907285
11109	send	319	1545743984.3660572
11077	receive	319	1545743984.367322
11108	receive	319	1545743984.369006
11110	receive	319	1545743984.371142
11110	fork	319
11109	receive	319	1545743984.3827484
11077	send	320	1545743987.4584994
11108	receive	320	1545743987.4666402
11110	receive	320	1545743987.4694166
11110	fork	320
11077	receive	320	1545743987.4696577
11109	receive	320	1545743987.4787338
11077	send	321	1545743997.9213617
11109	receive	321	1545743997.9236095
11077	receive	321	1545743997.9269304
11110	receive	321	1545743997.9296043
11110	fork	321
11108	receive	321	1545743997.93189
11108	send	322	1545744003.4297373
11110	receive	322	1545744003.4318552
11110	fork	322
11077	receive	322	1545744003.4367683
11108	receive	322	1545744003.4467218
11109	receive	322	1545744003.446724
11110	send	293	1545744036.1617033
11108	receive	293	1545744036.1639557
11077	receive	293	1545744036.163949
11077	fork	293
11108	fork	293
11109	receive	293	1545744036.1787367
11109	fork	293
11110	receive	293	1545744036.2080352
11110	send	294	1545744048.0217366
11109	receive	294	1545744048.02542
11109	fork	294
11077	receive	294	1545744048.0389056
11077	fork	294
11108	receive	294	1545744048.04283
11108	fork	294
11110	receive	294	1545744048.0443752
end of measure
11109	send	323	1545744075.8336327
11110	receive	323	1545744075.8368678
11108	receive	323	1545744075.8368757
11110	fork	323
11077	receive	323	1545744075.8427358
11109	receive	323	1545744075.848773
start to measure
11108	send	324	1545744103.0501587
11077	receive	324	1545744103.0547576
11110	receive	324	1545744103.0590978
11110	fork	324
11108	receive	324	1545744103.060002
11109	receive	324	1545744103.0626514
11108	send	325	1545744106.5857277
11109	receive	325	1545744106.587698
11110	receive	325	1545744106.5947227
11110	fork	325
11108	receive	325	1545744106.6027036
11077	receive	325	1545744106.6027246
11108	send	326	1545744112.0106542
11077	receive	326	1545744112.0159385
11110	receive	326	1545744112.0159392
11109	receive	326	1545744112.0184157
11108	receive	326	1545744112.023655
11110	fork	326
11109	send	327	1545744130.7758887
11077	receive	327	1545744130.7869587
11110	receive	327	1545744130.7869594
11110	fork	327
11109	receive	327	1545744130.7947295
11108	receive	327	1545744130.8046398
11108	send	328	1545744139.1777241
11110	receive	328	1545744139.1799076
11110	fork	328
11077	receive	328	1545744139.1907232
11109	receive	328	1545744139.1907232
11108	receive	328	1545744139.1987243
11077	send	329	1545744140.1121645
11110	receive	329	1545744140.1136746
11110	fork	329
11108	receive	329	1545744140.1141443
11109	receive	329	1545744140.1227336
11077	receive	329	1545744140.1267302
11110	send	295	1545744158.10274
11077	receive	295	1545744158.1049418
11077	fork	295
11109	receive	295	1545744158.1060877
11109	fork	295
11108	receive	295	1545744158.1097534
11108	fork	295
11110	receive	295	1545744158.1153018
11109	send	330	1545744158.6286023
11109	receive	330	1545744158.6301923
11108	receive	330	1545744158.6325488
11077	receive	330	1545744158.6397293
11110	receive	330	1545744158.6415522
11110	fork	330
11108	send	331	1545744160.1417277
11109	receive	331	1545744160.1467295
11108	receive	331	1545744160.152508
11110	receive	331	1545744160.156122
11110	fork	331
11077	receive	331	1545744160.16273
11110	send	296	1545744179.4937034
11077	receive	296	1545744179.495967
11109	receive	296	1545744179.4959822
11109	fork	296
11108	receive	296	1545744179.5061653
11108	fork	296
11110	receive	296	1545744179.5107772
11077	fork	296
half end of measure
11077	send	332	1545744186.019187
11109	receive	332	1545744186.023216
11110	receive	332	1545744186.0307386
11077	receive	332	1545744186.03125
11110	fork	332
11108	receive	332	1545744186.0331216
11110	send	297	1545744188.9082086
11108	receive	297	1545744188.9103377
11077	receive	297	1545744188.9109366
11077	fork	297
11110	receive	297	1545744188.9162326
11108	fork	297
11109	receive	297	1545744188.9267268
11109	fork	297
11108	send	333	1545744228.9617095
11109	receive	333	1545744228.9634361
11077	receive	333	1545744228.9667206
11110	receive	333	1545744228.9787247
11110	fork	333
11108	receive	333	1545744228.9825227
11109	send	334	1545744233.0486274
11108	receive	334	1545744233.051066
11110	receive	334	1545744233.0510619
11110	fork	334
11077	receive	334	1545744233.058723
11109	receive	334	1545744233.064387
11109	send	335	1545744256.7610865
11108	receive	335	1545744256.7667298
11110	receive	335	1545744256.7747185
11110	fork	335
11077	receive	335	1545744256.778722
11109	receive	335	1545744256.7827227
11110	send	298	1545744275.6337535
11077	receive	298	1545744275.6369407
11109	receive	298	1545744275.636982
11109	fork	298
11108	receive	298	1545744275.637209
11108	fork	298
11077	fork	298
11110	receive	298	1545744275.650001
11108	send	336	1545744276.3537083
11110	receive	336	1545744276.3552196
11109	receive	336	1545744276.3552318
11110	fork	336
11108	receive	336	1545744276.3707223
11077	receive	336	1545744276.3707175
end of measure
start to measure
11108	send	337	1545744302.6911926
11077	receive	337	1545744302.6985576
11109	receive	337	1545744302.6985745
11108	receive	337	1545744302.707316
11110	receive	337	1545744302.7194521
11110	fork	337
11110	send	299	1545744317.2011533
11077	receive	299	1545744317.2026079
11108	receive	299	1545744317.2026153
11108	fork	299
11077	fork	299
11109	receive	299	1545744317.2035105
11109	fork	299
11110	receive	299	1545744317.218723
11109	send	338	1545744329.249666
11077	receive	338	1545744329.2517679
11108	receive	338	1545744329.2518237
11110	receive	338	1545744329.257146
11110	fork	338
11109	receive	338	1545744329.2582982
11077	send	339	1545744341.893877
11109	receive	339	1545744341.8961172
11110	receive	339	1545744341.8961055
11108	receive	339	1545744341.8961139
11110	fork	339
11077	receive	339	1545744341.9107194
11077	send	340	1545744346.9020438
11110	receive	340	1545744346.9055789
11110	fork	340
11108	receive	340	1545744346.9097972
11109	receive	340	1545744346.9107425
11077	receive	340	1545744346.9188583
11109	send	341	1545744369.7977204
11108	receive	341	1545744369.7997353
11110	receive	341	1545744369.8107185
11110	fork	341
11077	receive	341	1545744369.8126113
11109	receive	341	1545744369.8127906
11109	send	342	1545744388.1298423
11108	receive	342	1545744388.1366446
11110	receive	342	1545744388.1376948
11110	fork	342
11109	receive	342	1545744388.148654
11077	receive	342	1545744388.1493886
half end of measure
11077	send	343	1545744392.519624
11108	receive	343	1545744392.5215847
11077	receive	343	1545744392.529501
11110	receive	343	1545744392.5347652
11110	fork	343
11109	receive	343	1545744392.5308304
11109	send	344	1545744401.6618097
11077	receive	344	1545744401.665124
11110	receive	344	1545744401.669672
11110	fork	344
11108	receive	344	1545744401.6707287
11109	receive	344	1545744401.674748
11109	send	345	1545744408.9788902
11077	receive	345	1545744408.9887452
11110	receive	345	1545744408.989477
11110	fork	345
11109	receive	345	1545744408.9946408
11108	receive	345	1545744408.989165
11109	send	346	1545744426.0858188
11110	receive	346	1545744426.087565
11110	fork	346
11077	receive	346	1545744426.0907238
11108	receive	346	1545744426.0987294
11109	receive	346	1545744426.1034033
11077	send	347	1545744433.5400407
11110	receive	347	1545744433.543162
11110	fork	347
11109	receive	347	1545744433.5585225
11077	receive	347	1545744433.5587838
11108	receive	347	1545744433.5600626
11077	send	348	1545744458.3857198
11110	receive	348	1545744458.3876705
11110	fork	348
11077	receive	348	1545744458.4027262
11109	receive	348	1545744458.4027188
11108	receive	348	1545744458.406842
11077	send	349	1545744459.8542295
11077	receive	349	1545744459.8563938
11110	receive	349	1545744459.860733
11110	fork	349
11108	receive	349	1545744459.8627226
11109	receive	349	1545744459.8667233
end of measure
